ARM GAS  C:\Users\Bebra\AppData\Local\Temp\cc5eWQwb.s 			page 1


   1              		.cpu cortex-m4
   2              		.arch armv7e-m
   3              		.fpu fpv4-sp-d16
   4              		.eabi_attribute 27, 1
   5              		.eabi_attribute 28, 1
   6              		.eabi_attribute 20, 1
   7              		.eabi_attribute 21, 1
   8              		.eabi_attribute 23, 3
   9              		.eabi_attribute 24, 1
  10              		.eabi_attribute 25, 1
  11              		.eabi_attribute 26, 1
  12              		.eabi_attribute 30, 1
  13              		.eabi_attribute 34, 1
  14              		.eabi_attribute 18, 4
  15              		.file	"main.c"
  16              		.text
  17              	.Ltext0:
  18              		.cfi_sections	.debug_frame
  19              		.file 1 "Core/Src/main.c"
  20              		.section	.text.GPIO_init__Memory,"ax",%progbits
  21              		.align	1
  22              		.global	GPIO_init__Memory
  23              		.syntax unified
  24              		.thumb
  25              		.thumb_func
  27              	GPIO_init__Memory:
  28              	.LFB130:
  29              		.file 2 "Core/Src/../Src/init.c"
   1:Core/Src/../Src/init.c **** #include "../Inc/init.h"
   2:Core/Src/../Src/init.c **** #include <stdint.h>
   3:Core/Src/../Src/init.c **** void GPIO_init__Memory(void){};
  30              		.loc 2 3 29 view -0
  31              		.cfi_startproc
  32              		@ args = 0, pretend = 0, frame = 0
  33              		@ frame_needed = 0, uses_anonymous_args = 0
  34              		@ link register save eliminated.
  35              		.loc 2 3 30 view .LVU1
  36 0000 7047     		bx	lr
  37              		.cfi_endproc
  38              	.LFE130:
  40              		.section	.text.GPIO_init_led_pb7_blue,"ax",%progbits
  41              		.align	1
  42              		.global	GPIO_init_led_pb7_blue
  43              		.syntax unified
  44              		.thumb
  45              		.thumb_func
  47              	GPIO_init_led_pb7_blue:
  48              	.LFB131:
   4:Core/Src/../Src/init.c **** void GPIO_init_led_pb7_blue (void)
   5:Core/Src/../Src/init.c **** {
  49              		.loc 2 5 1 view -0
  50              		.cfi_startproc
  51              		@ args = 0, pretend = 0, frame = 0
  52              		@ frame_needed = 0, uses_anonymous_args = 0
  53              		@ link register save eliminated.
   6:Core/Src/../Src/init.c **** *(uint32_t *)(0x40023800UL + 0x30UL) |= 0x02UL;
  54              		.loc 2 6 1 view .LVU3
ARM GAS  C:\Users\Bebra\AppData\Local\Temp\cc5eWQwb.s 			page 2


  55 0000 0F4A     		ldr	r2, .L3
  56 0002 D2F83038 		ldr	r3, [r2, #2096]
  57              		.loc 2 6 38 is_stmt 0 view .LVU4
  58 0006 43F00201 		orr	r1, r3, #2
  59 000a C2F83018 		str	r1, [r2, #2096]
   7:Core/Src/../Src/init.c **** *(uint32_t *)(0x40023800UL + 0x30UL) |= 0x06UL;
  60              		.loc 2 7 1 is_stmt 1 view .LVU5
  61              		.loc 2 7 38 is_stmt 0 view .LVU6
  62 000e 43F00603 		orr	r3, r3, #6
  63 0012 C2F83038 		str	r3, [r2, #2096]
   8:Core/Src/../Src/init.c **** *(uint32_t *)(0x40020400UL + 0x00UL) |= 0x4000UL;
  64              		.loc 2 8 1 is_stmt 1 view .LVU7
  65 0016 0B4B     		ldr	r3, .L3+4
  66 0018 D3F80024 		ldr	r2, [r3, #1024]
  67              		.loc 2 8 38 is_stmt 0 view .LVU8
  68 001c 42F48042 		orr	r2, r2, #16384
  69 0020 C3F80024 		str	r2, [r3, #1024]
   9:Core/Src/../Src/init.c **** *(uint32_t *)(0x40020400UL + 0x04UL) |= 0x00UL;
  70              		.loc 2 9 1 is_stmt 1 view .LVU9
  10:Core/Src/../Src/init.c **** *(uint32_t *)(0x40020400UL + 0x08UL) |= 0x4000UL;
  71              		.loc 2 10 1 view .LVU10
  72 0024 D3F80824 		ldr	r2, [r3, #1032]
  73              		.loc 2 10 38 is_stmt 0 view .LVU11
  74 0028 42F48042 		orr	r2, r2, #16384
  75 002c C3F80824 		str	r2, [r3, #1032]
  11:Core/Src/../Src/init.c **** *(uint32_t *)(0x40020400UL + 0x18UL) |= 0x800000UL;
  76              		.loc 2 11 1 is_stmt 1 view .LVU12
  77 0030 D3F81824 		ldr	r2, [r3, #1048]
  78              		.loc 2 11 38 is_stmt 0 view .LVU13
  79 0034 42F40002 		orr	r2, r2, #8388608
  80 0038 C3F81824 		str	r2, [r3, #1048]
  12:Core/Src/../Src/init.c **** }
  81              		.loc 2 12 1 view .LVU14
  82 003c 7047     		bx	lr
  83              	.L4:
  84 003e 00BF     		.align	2
  85              	.L3:
  86 0040 00300240 		.word	1073885184
  87 0044 00000240 		.word	1073872896
  88              		.cfi_endproc
  89              	.LFE131:
  91              		.section	.text.GPIO_init_led_pb14_red,"ax",%progbits
  92              		.align	1
  93              		.global	GPIO_init_led_pb14_red
  94              		.syntax unified
  95              		.thumb
  96              		.thumb_func
  98              	GPIO_init_led_pb14_red:
  99              	.LFB132:
  13:Core/Src/../Src/init.c **** void GPIO_init_led_pb14_red (void)
  14:Core/Src/../Src/init.c **** {
 100              		.loc 2 14 1 is_stmt 1 view -0
 101              		.cfi_startproc
 102              		@ args = 0, pretend = 0, frame = 0
 103              		@ frame_needed = 0, uses_anonymous_args = 0
 104              		@ link register save eliminated.
  15:Core/Src/../Src/init.c ****     RCC_AHB1ENR |= RCC_GPIOB_EN | RCC_GPIOC_EN;
ARM GAS  C:\Users\Bebra\AppData\Local\Temp\cc5eWQwb.s 			page 3


 105              		.loc 2 15 5 view .LVU16
 106 0000 0D4A     		ldr	r2, .L6
 107 0002 D2F83038 		ldr	r3, [r2, #2096]
 108              		.loc 2 15 17 is_stmt 0 view .LVU17
 109 0006 43F00603 		orr	r3, r3, #6
 110 000a C2F83038 		str	r3, [r2, #2096]
  16:Core/Src/../Src/init.c ****     BIT_SET(GPIOB_MODER, GPIO_PIN_OUT_14);
 111              		.loc 2 16 5 is_stmt 1 view .LVU18
 112 000e 0B4B     		ldr	r3, .L6+4
 113 0010 D3F80024 		ldr	r2, [r3, #1024]
 114 0014 42F08052 		orr	r2, r2, #268435456
 115 0018 C3F80024 		str	r2, [r3, #1024]
  17:Core/Src/../Src/init.c ****     BIT_SET(GPIOB_OTYPER, GPIO_OFF);
 116              		.loc 2 17 5 view .LVU19
  18:Core/Src/../Src/init.c ****     BIT_SET(GPIOB_OSPEEDR, GPIO_PIN_MED_14);
 117              		.loc 2 18 5 view .LVU20
 118 001c D3F80824 		ldr	r2, [r3, #1032]
 119 0020 42F08052 		orr	r2, r2, #268435456
 120 0024 C3F80824 		str	r2, [r3, #1032]
  19:Core/Src/../Src/init.c ****     BIT_SET(GPIOB_BSRR, GPIO_PIN_RESET_14);
 121              		.loc 2 19 5 view .LVU21
 122 0028 D3F81824 		ldr	r2, [r3, #1048]
 123 002c 42F08042 		orr	r2, r2, #1073741824
 124 0030 C3F81824 		str	r2, [r3, #1048]
  20:Core/Src/../Src/init.c **** }
 125              		.loc 2 20 1 is_stmt 0 view .LVU22
 126 0034 7047     		bx	lr
 127              	.L7:
 128 0036 00BF     		.align	2
 129              	.L6:
 130 0038 00300240 		.word	1073885184
 131 003c 00000240 		.word	1073872896
 132              		.cfi_endproc
 133              	.LFE132:
 135              		.section	.text.GPIO_init_led_pb0_green,"ax",%progbits
 136              		.align	1
 137              		.global	GPIO_init_led_pb0_green
 138              		.syntax unified
 139              		.thumb
 140              		.thumb_func
 142              	GPIO_init_led_pb0_green:
 143              	.LFB133:
  21:Core/Src/../Src/init.c **** void GPIO_init_led_pb0_green (void)
  22:Core/Src/../Src/init.c **** {
 144              		.loc 2 22 1 is_stmt 1 view -0
 145              		.cfi_startproc
 146              		@ args = 0, pretend = 0, frame = 0
 147              		@ frame_needed = 0, uses_anonymous_args = 0
 148              		@ link register save eliminated.
  23:Core/Src/../Src/init.c ****    SET_BIT(RCC->AHB1ENR, RCC_AHB1ENR_GPIOBEN | RCC_AHB1ENR_GPIOCEN);
 149              		.loc 2 23 4 view .LVU24
 150 0000 0B4A     		ldr	r2, .L9
 151 0002 136B     		ldr	r3, [r2, #48]
 152 0004 43F00603 		orr	r3, r3, #6
 153 0008 1363     		str	r3, [r2, #48]
  24:Core/Src/../Src/init.c ****    SET_BIT(GPIOB->MODER, GPIO_MODER_MODE0_0);
 154              		.loc 2 24 4 view .LVU25
ARM GAS  C:\Users\Bebra\AppData\Local\Temp\cc5eWQwb.s 			page 4


 155 000a 0A4B     		ldr	r3, .L9+4
 156 000c 1A68     		ldr	r2, [r3]
 157 000e 42F00102 		orr	r2, r2, #1
 158 0012 1A60     		str	r2, [r3]
  25:Core/Src/../Src/init.c ****    CLEAR_BIT(GPIOB->OTYPER,GPIO_OTYPER_OT_0);
 159              		.loc 2 25 4 view .LVU26
 160 0014 5A68     		ldr	r2, [r3, #4]
 161 0016 22F00102 		bic	r2, r2, #1
 162 001a 5A60     		str	r2, [r3, #4]
  26:Core/Src/../Src/init.c ****    SET_BIT(GPIOB->OSPEEDR, GPIO_OSPEEDER_OSPEEDR0_0);
 163              		.loc 2 26 4 view .LVU27
 164 001c 9A68     		ldr	r2, [r3, #8]
 165 001e 42F00102 		orr	r2, r2, #1
 166 0022 9A60     		str	r2, [r3, #8]
  27:Core/Src/../Src/init.c ****    SET_BIT(GPIOB->BSRR, GPIO_BSRR_BR0);
 167              		.loc 2 27 4 view .LVU28
 168 0024 9A69     		ldr	r2, [r3, #24]
 169 0026 42F48032 		orr	r2, r2, #65536
 170 002a 9A61     		str	r2, [r3, #24]
  28:Core/Src/../Src/init.c **** }
 171              		.loc 2 28 1 is_stmt 0 view .LVU29
 172 002c 7047     		bx	lr
 173              	.L10:
 174 002e 00BF     		.align	2
 175              	.L9:
 176 0030 00380240 		.word	1073887232
 177 0034 00040240 		.word	1073873920
 178              		.cfi_endproc
 179              	.LFE133:
 181              		.section	.text.GPIO_button_input,"ax",%progbits
 182              		.align	1
 183              		.global	GPIO_button_input
 184              		.syntax unified
 185              		.thumb
 186              		.thumb_func
 188              	GPIO_button_input:
 189              	.LFB134:
  29:Core/Src/../Src/init.c **** void GPIO_button_input(void)
  30:Core/Src/../Src/init.c **** {
 190              		.loc 2 30 1 is_stmt 1 view -0
 191              		.cfi_startproc
 192              		@ args = 0, pretend = 0, frame = 0
 193              		@ frame_needed = 0, uses_anonymous_args = 0
 194              		@ link register save eliminated.
  31:Core/Src/../Src/init.c ****     //PС12
  32:Core/Src/../Src/init.c ****     CLEAR_BIT(GPIOC->MODER, GPIO_MODER_MODE8_0);
 195              		.loc 2 32 5 view .LVU31
 196 0000 044B     		ldr	r3, .L12
 197 0002 1A68     		ldr	r2, [r3]
 198 0004 22F48032 		bic	r2, r2, #65536
 199 0008 1A60     		str	r2, [r3]
  33:Core/Src/../Src/init.c ****     CLEAR_BIT(GPIOC->PUPDR, GPIO_PUPDR_PUPDR8_0);
 200              		.loc 2 33 5 view .LVU32
 201 000a DA68     		ldr	r2, [r3, #12]
 202 000c 22F48032 		bic	r2, r2, #65536
 203 0010 DA60     		str	r2, [r3, #12]
  34:Core/Src/../Src/init.c **** }
ARM GAS  C:\Users\Bebra\AppData\Local\Temp\cc5eWQwb.s 			page 5


 204              		.loc 2 34 1 is_stmt 0 view .LVU33
 205 0012 7047     		bx	lr
 206              	.L13:
 207              		.align	2
 208              	.L12:
 209 0014 00080240 		.word	1073874944
 210              		.cfi_endproc
 211              	.LFE134:
 213              		.section	.text.UpdateLEDs,"ax",%progbits
 214              		.align	1
 215              		.global	UpdateLEDs
 216              		.syntax unified
 217              		.thumb
 218              		.thumb_func
 220              	UpdateLEDs:
 221              	.LFB135:
   1:Core/Src/main.c **** #include "../Inc/init.h"
   2:Core/Src/main.c **** #include "../Src/init.c"
   3:Core/Src/main.c **** #include <stdint.h>
   4:Core/Src/main.c **** 
   5:Core/Src/main.c **** 
   6:Core/Src/main.c **** uint8_t flag1 =0;
   7:Core/Src/main.c **** uint8_t flag2 =0;
   8:Core/Src/main.c **** uint8_t current_led_indx = 2;
   9:Core/Src/main.c **** uint8_t led_count = 0;
  10:Core/Src/main.c **** uint8_t timerbutton1,timerbutton2,led_index = 0;
  11:Core/Src/main.c ****    
  12:Core/Src/main.c **** static uint8_t frequency_index = 0;       
  13:Core/Src/main.c **** const uint32_t frequencies[4] = {1000000, 500000, 250000, 125000};
  14:Core/Src/main.c **** static uint32_t avtodelay = frequencies[1];
  15:Core/Src/main.c ****  void UpdateLEDs(void)
  16:Core/Src/main.c ****     {
 222              		.loc 1 16 5 is_stmt 1 view -0
 223              		.cfi_startproc
 224              		@ args = 0, pretend = 0, frame = 0
 225              		@ frame_needed = 0, uses_anonymous_args = 0
 226              		@ link register save eliminated.
  17:Core/Src/main.c ****         SET_BIT(GPIOB->BSRR, GPIO_BSRR_BR0 |GPIO_BSRR_BR7 | GPIO_BSRR_BR14 );
 227              		.loc 1 17 9 view .LVU35
 228 0000 194A     		ldr	r2, .L21
 229 0002 9369     		ldr	r3, [r2, #24]
 230 0004 43F08143 		orr	r3, r3, #1082130432
 231 0008 43F48033 		orr	r3, r3, #65536
 232 000c 9361     		str	r3, [r2, #24]
  18:Core/Src/main.c ****         
  19:Core/Src/main.c ****     for (uint8_t i = 0; i < led_count; i++) 
 233              		.loc 1 19 5 view .LVU36
 234              	.LBB2:
 235              		.loc 1 19 10 view .LVU37
 236              	.LVL0:
 237              		.loc 1 19 18 is_stmt 0 view .LVU38
 238 000e 0022     		movs	r2, #0
 239              		.loc 1 19 5 view .LVU39
 240 0010 06E0     		b	.L15
 241              	.LVL1:
 242              	.L16:
 243              	.LBB3:
ARM GAS  C:\Users\Bebra\AppData\Local\Temp\cc5eWQwb.s 			page 6


  20:Core/Src/main.c ****         {
  21:Core/Src/main.c ****         uint8_t led_index = ((current_led_indx + i) % 3);
  22:Core/Src/main.c ****         switch (led_index) 
  23:Core/Src/main.c ****             {
  24:Core/Src/main.c ****             case 0:
  25:Core/Src/main.c ****                 SET_BIT(GPIOB->BSRR, GPIO_BSRR_BS0);  // PB0
  26:Core/Src/main.c ****                 break;
  27:Core/Src/main.c ****             case 1:
  28:Core/Src/main.c ****                 SET_BIT(GPIOB->BSRR, GPIO_BSRR_BS7);  // PB7
 244              		.loc 1 28 17 is_stmt 1 view .LVU40
 245 0012 1549     		ldr	r1, .L21
 246 0014 8B69     		ldr	r3, [r1, #24]
 247              	.LVL2:
 248              		.loc 1 28 17 is_stmt 0 view .LVU41
 249 0016 43F08003 		orr	r3, r3, #128
 250 001a 8B61     		str	r3, [r1, #24]
 251              	.LVL3:
  29:Core/Src/main.c ****                 break;
 252              		.loc 1 29 17 is_stmt 1 view .LVU42
 253              	.L18:
 254              	.LBE3:
  19:Core/Src/main.c ****         {
 255              		.loc 1 19 41 discriminator 2 view .LVU43
 256 001c 0132     		adds	r2, r2, #1
 257              	.LVL4:
  19:Core/Src/main.c ****         {
 258              		.loc 1 19 41 is_stmt 0 discriminator 2 view .LVU44
 259 001e D2B2     		uxtb	r2, r2
 260              	.LVL5:
 261              	.L15:
  19:Core/Src/main.c ****         {
 262              		.loc 1 19 27 is_stmt 1 discriminator 1 view .LVU45
 263 0020 124B     		ldr	r3, .L21+4
 264 0022 1B78     		ldrb	r3, [r3]	@ zero_extendqisi2
 265 0024 9342     		cmp	r3, r2
 266 0026 1DD9     		bls	.L20
 267              	.LBB4:
  21:Core/Src/main.c ****         switch (led_index) 
 268              		.loc 1 21 9 view .LVU46
  21:Core/Src/main.c ****         switch (led_index) 
 269              		.loc 1 21 48 is_stmt 0 view .LVU47
 270 0028 114B     		ldr	r3, .L21+8
 271 002a 1978     		ldrb	r1, [r3]	@ zero_extendqisi2
 272 002c 1144     		add	r1, r1, r2
  21:Core/Src/main.c ****         switch (led_index) 
 273              		.loc 1 21 53 view .LVU48
 274 002e 114B     		ldr	r3, .L21+12
 275 0030 83FB0103 		smull	r0, r3, r3, r1
 276 0034 A3EBE173 		sub	r3, r3, r1, asr #31
 277 0038 03EB4303 		add	r3, r3, r3, lsl #1
 278 003c CB1A     		subs	r3, r1, r3
 279              	.LVL6:
  22:Core/Src/main.c ****             {
 280              		.loc 1 22 9 is_stmt 1 view .LVU49
 281 003e DBB2     		uxtb	r3, r3
  22:Core/Src/main.c ****             {
 282              		.loc 1 22 9 is_stmt 0 view .LVU50
ARM GAS  C:\Users\Bebra\AppData\Local\Temp\cc5eWQwb.s 			page 7


 283 0040 012B     		cmp	r3, #1
 284 0042 E6D0     		beq	.L16
 285 0044 022B     		cmp	r3, #2
 286 0046 07D0     		beq	.L17
 287 0048 002B     		cmp	r3, #0
 288 004a E7D1     		bne	.L18
  25:Core/Src/main.c ****                 break;
 289              		.loc 1 25 17 is_stmt 1 view .LVU51
 290 004c 0649     		ldr	r1, .L21
 291 004e 8B69     		ldr	r3, [r1, #24]
 292              	.LVL7:
  25:Core/Src/main.c ****                 break;
 293              		.loc 1 25 17 is_stmt 0 view .LVU52
 294 0050 43F00103 		orr	r3, r3, #1
 295 0054 8B61     		str	r3, [r1, #24]
 296              	.LVL8:
  26:Core/Src/main.c ****             case 1:
 297              		.loc 1 26 17 is_stmt 1 view .LVU53
 298 0056 E1E7     		b	.L18
 299              	.LVL9:
 300              	.L17:
  30:Core/Src/main.c ****             case 2:
  31:Core/Src/main.c ****                 SET_BIT(GPIOB->BSRR, GPIO_BSRR_BS14); // PB14
 301              		.loc 1 31 17 view .LVU54
 302 0058 0349     		ldr	r1, .L21
 303 005a 8B69     		ldr	r3, [r1, #24]
 304              	.LVL10:
 305              		.loc 1 31 17 is_stmt 0 view .LVU55
 306 005c 43F48043 		orr	r3, r3, #16384
 307 0060 8B61     		str	r3, [r1, #24]
 308              	.LVL11:
  32:Core/Src/main.c ****                 break;
 309              		.loc 1 32 17 is_stmt 1 view .LVU56
 310 0062 DBE7     		b	.L18
 311              	.LVL12:
 312              	.L20:
 313              		.loc 1 32 17 is_stmt 0 view .LVU57
 314              	.LBE4:
 315              	.LBE2:
  33:Core/Src/main.c **** 
  34:Core/Src/main.c ****             
  35:Core/Src/main.c ****             }
  36:Core/Src/main.c ****         }
  37:Core/Src/main.c ****     }
 316              		.loc 1 37 5 view .LVU58
 317 0064 7047     		bx	lr
 318              	.L22:
 319 0066 00BF     		.align	2
 320              	.L21:
 321 0068 00040240 		.word	1073873920
 322 006c 00000000 		.word	led_count
 323 0070 00000000 		.word	current_led_indx
 324 0074 56555555 		.word	1431655766
 325              		.cfi_endproc
 326              	.LFE135:
 328              		.section	.text.avtoper,"ax",%progbits
 329              		.align	1
ARM GAS  C:\Users\Bebra\AppData\Local\Temp\cc5eWQwb.s 			page 8


 330              		.global	avtoper
 331              		.syntax unified
 332              		.thumb
 333              		.thumb_func
 335              	avtoper:
 336              	.LVL13:
 337              	.LFB136:
  38:Core/Src/main.c ****       void avtoper(uint32_t avtodelay)
  39:Core/Src/main.c ****         {
 338              		.loc 1 39 9 is_stmt 1 view -0
 339              		.cfi_startproc
 340              		@ args = 0, pretend = 0, frame = 16
 341              		@ frame_needed = 0, uses_anonymous_args = 0
 342              		.loc 1 39 9 is_stmt 0 view .LVU60
 343 0000 00B5     		push	{lr}
 344              	.LCFI0:
 345              		.cfi_def_cfa_offset 4
 346              		.cfi_offset 14, -4
 347 0002 85B0     		sub	sp, sp, #20
 348              	.LCFI1:
 349              		.cfi_def_cfa_offset 24
  40:Core/Src/main.c ****             if(led_count == 3)
 350              		.loc 1 40 13 is_stmt 1 view .LVU61
 351              		.loc 1 40 26 is_stmt 0 view .LVU62
 352 0004 1E4B     		ldr	r3, .L34
 353 0006 1B78     		ldrb	r3, [r3]	@ zero_extendqisi2
 354              		.loc 1 40 15 view .LVU63
 355 0008 032B     		cmp	r3, #3
 356 000a 0CD0     		beq	.L33
  41:Core/Src/main.c ****             {
  42:Core/Src/main.c ****                 SET_BIT(GPIOB->BSRR, GPIO_BSRR_BR0 |GPIO_BSRR_BR7 | GPIO_BSRR_BR14 );
  43:Core/Src/main.c ****                 for(volatile uint32_t i = 0; i < avtodelay; i++){}
  44:Core/Src/main.c ****                 SET_BIT(GPIOB->BSRR, GPIO_BSRR_BS0 |GPIO_BSRR_BS7 | GPIO_BSRR_BS14 );
  45:Core/Src/main.c ****                 for(volatile uint32_t i = 0; i < avtodelay; i++){}
  46:Core/Src/main.c ****             }
  47:Core/Src/main.c ****             else{
  48:Core/Src/main.c ****             current_led_indx = (current_led_indx + 1) % 3;
 357              		.loc 1 48 13 is_stmt 1 view .LVU64
 358              		.loc 1 48 50 is_stmt 0 view .LVU65
 359 000c 1D49     		ldr	r1, .L34+4
 360 000e 0A78     		ldrb	r2, [r1]	@ zero_extendqisi2
 361 0010 0132     		adds	r2, r2, #1
 362              		.loc 1 48 55 view .LVU66
 363 0012 1D4B     		ldr	r3, .L34+8
 364 0014 83FB02C3 		smull	ip, r3, r3, r2
 365 0018 03EB4303 		add	r3, r3, r3, lsl #1
 366 001c D31A     		subs	r3, r2, r3
 367              		.loc 1 48 30 view .LVU67
 368 001e 0B70     		strb	r3, [r1]
  49:Core/Src/main.c ****             for(volatile uint32_t i = 0; i < avtodelay; i++){}
 369              		.loc 1 49 13 is_stmt 1 view .LVU68
 370              	.LBB5:
 371              		.loc 1 49 17 view .LVU69
 372              		.loc 1 49 35 is_stmt 0 view .LVU70
 373 0020 0023     		movs	r3, #0
 374 0022 0393     		str	r3, [sp, #12]
 375              		.loc 1 49 13 view .LVU71
ARM GAS  C:\Users\Bebra\AppData\Local\Temp\cc5eWQwb.s 			page 9


 376 0024 23E0     		b	.L30
 377              	.L33:
 378              	.LBE5:
  42:Core/Src/main.c ****                 for(volatile uint32_t i = 0; i < avtodelay; i++){}
 379              		.loc 1 42 17 is_stmt 1 view .LVU72
 380 0026 194A     		ldr	r2, .L34+12
 381 0028 9369     		ldr	r3, [r2, #24]
 382 002a 43F08143 		orr	r3, r3, #1082130432
 383 002e 43F48033 		orr	r3, r3, #65536
 384 0032 9361     		str	r3, [r2, #24]
  43:Core/Src/main.c ****                 SET_BIT(GPIOB->BSRR, GPIO_BSRR_BS0 |GPIO_BSRR_BS7 | GPIO_BSRR_BS14 );
 385              		.loc 1 43 17 view .LVU73
 386              	.LBB6:
  43:Core/Src/main.c ****                 SET_BIT(GPIOB->BSRR, GPIO_BSRR_BS0 |GPIO_BSRR_BS7 | GPIO_BSRR_BS14 );
 387              		.loc 1 43 21 view .LVU74
  43:Core/Src/main.c ****                 SET_BIT(GPIOB->BSRR, GPIO_BSRR_BS0 |GPIO_BSRR_BS7 | GPIO_BSRR_BS14 );
 388              		.loc 1 43 39 is_stmt 0 view .LVU75
 389 0034 0023     		movs	r3, #0
 390 0036 0193     		str	r3, [sp, #4]
  43:Core/Src/main.c ****                 SET_BIT(GPIOB->BSRR, GPIO_BSRR_BS0 |GPIO_BSRR_BS7 | GPIO_BSRR_BS14 );
 391              		.loc 1 43 17 view .LVU76
 392 0038 02E0     		b	.L25
 393              	.L26:
  43:Core/Src/main.c ****                 SET_BIT(GPIOB->BSRR, GPIO_BSRR_BS0 |GPIO_BSRR_BS7 | GPIO_BSRR_BS14 );
 394              		.loc 1 43 66 is_stmt 1 discriminator 3 view .LVU77
  43:Core/Src/main.c ****                 SET_BIT(GPIOB->BSRR, GPIO_BSRR_BS0 |GPIO_BSRR_BS7 | GPIO_BSRR_BS14 );
 395              		.loc 1 43 62 discriminator 3 view .LVU78
 396 003a 019B     		ldr	r3, [sp, #4]
 397 003c 0133     		adds	r3, r3, #1
 398 003e 0193     		str	r3, [sp, #4]
 399              	.L25:
  43:Core/Src/main.c ****                 SET_BIT(GPIOB->BSRR, GPIO_BSRR_BS0 |GPIO_BSRR_BS7 | GPIO_BSRR_BS14 );
 400              		.loc 1 43 48 discriminator 1 view .LVU79
 401 0040 019B     		ldr	r3, [sp, #4]
 402 0042 8342     		cmp	r3, r0
 403 0044 F9D3     		bcc	.L26
 404              	.LBE6:
  44:Core/Src/main.c ****                 for(volatile uint32_t i = 0; i < avtodelay; i++){}
 405              		.loc 1 44 17 view .LVU80
 406 0046 114A     		ldr	r2, .L34+12
 407 0048 9369     		ldr	r3, [r2, #24]
 408 004a 43F48143 		orr	r3, r3, #16512
 409 004e 43F00103 		orr	r3, r3, #1
 410 0052 9361     		str	r3, [r2, #24]
  45:Core/Src/main.c ****             }
 411              		.loc 1 45 17 view .LVU81
 412              	.LBB7:
  45:Core/Src/main.c ****             }
 413              		.loc 1 45 21 view .LVU82
  45:Core/Src/main.c ****             }
 414              		.loc 1 45 39 is_stmt 0 view .LVU83
 415 0054 0023     		movs	r3, #0
 416 0056 0293     		str	r3, [sp, #8]
  45:Core/Src/main.c ****             }
 417              		.loc 1 45 17 view .LVU84
 418 0058 02E0     		b	.L27
 419              	.L28:
ARM GAS  C:\Users\Bebra\AppData\Local\Temp\cc5eWQwb.s 			page 10


  45:Core/Src/main.c ****             }
 420              		.loc 1 45 66 is_stmt 1 discriminator 3 view .LVU85
  45:Core/Src/main.c ****             }
 421              		.loc 1 45 62 discriminator 3 view .LVU86
 422 005a 029B     		ldr	r3, [sp, #8]
 423 005c 0133     		adds	r3, r3, #1
 424 005e 0293     		str	r3, [sp, #8]
 425              	.L27:
  45:Core/Src/main.c ****             }
 426              		.loc 1 45 48 discriminator 1 view .LVU87
 427 0060 029B     		ldr	r3, [sp, #8]
 428 0062 8342     		cmp	r3, r0
 429 0064 F9D3     		bcc	.L28
 430 0066 07E0     		b	.L23
 431              	.L31:
  45:Core/Src/main.c ****             }
 432              		.loc 1 45 48 is_stmt 0 discriminator 1 view .LVU88
 433              	.LBE7:
 434              	.LBB8:
 435              		.loc 1 49 62 is_stmt 1 discriminator 3 view .LVU89
 436              		.loc 1 49 58 discriminator 3 view .LVU90
 437 0068 039B     		ldr	r3, [sp, #12]
 438 006a 0133     		adds	r3, r3, #1
 439 006c 0393     		str	r3, [sp, #12]
 440              	.L30:
 441              		.loc 1 49 44 discriminator 1 view .LVU91
 442 006e 039B     		ldr	r3, [sp, #12]
 443 0070 8342     		cmp	r3, r0
 444 0072 F9D3     		bcc	.L31
 445              	.LBE8:
  50:Core/Src/main.c ****             UpdateLEDs();
 446              		.loc 1 50 13 view .LVU92
 447 0074 FFF7FEFF 		bl	UpdateLEDs
 448              	.LVL14:
 449              	.L23:
  51:Core/Src/main.c ****             }
  52:Core/Src/main.c ****         }
 450              		.loc 1 52 9 is_stmt 0 view .LVU93
 451 0078 05B0     		add	sp, sp, #20
 452              	.LCFI2:
 453              		.cfi_def_cfa_offset 4
 454              		@ sp needed
 455 007a 5DF804FB 		ldr	pc, [sp], #4
 456              	.L35:
 457 007e 00BF     		.align	2
 458              	.L34:
 459 0080 00000000 		.word	led_count
 460 0084 00000000 		.word	current_led_indx
 461 0088 56555555 		.word	1431655766
 462 008c 00040240 		.word	1073873920
 463              		.cfi_endproc
 464              	.LFE136:
 466              		.section	.text.main,"ax",%progbits
 467              		.align	1
 468              		.global	main
 469              		.syntax unified
 470              		.thumb
ARM GAS  C:\Users\Bebra\AppData\Local\Temp\cc5eWQwb.s 			page 11


 471              		.thumb_func
 473              	main:
 474              	.LFB137:
  53:Core/Src/main.c **** int main(void)
  54:Core/Src/main.c **** {
 475              		.loc 1 54 1 is_stmt 1 view -0
 476              		.cfi_startproc
 477              		@ Volatile: function does not return.
 478              		@ args = 0, pretend = 0, frame = 0
 479              		@ frame_needed = 0, uses_anonymous_args = 0
 480 0000 08B5     		push	{r3, lr}
 481              	.LCFI3:
 482              		.cfi_def_cfa_offset 8
 483              		.cfi_offset 3, -8
 484              		.cfi_offset 14, -4
  55:Core/Src/main.c ****    
  56:Core/Src/main.c ****  GPIO_init_led_pb7_blue ();
 485              		.loc 1 56 2 view .LVU95
 486 0002 FFF7FEFF 		bl	GPIO_init_led_pb7_blue
 487              	.LVL15:
  57:Core/Src/main.c ****  GPIO_init_led_pb14_red ();
 488              		.loc 1 57 2 view .LVU96
 489 0006 FFF7FEFF 		bl	GPIO_init_led_pb14_red
 490              	.LVL16:
  58:Core/Src/main.c ****  GPIO_init_led_pb0_green ();
 491              		.loc 1 58 2 view .LVU97
 492 000a FFF7FEFF 		bl	GPIO_init_led_pb0_green
 493              	.LVL17:
  59:Core/Src/main.c ****  GPIO_button_input();
 494              		.loc 1 59 2 view .LVU98
 495 000e FFF7FEFF 		bl	GPIO_button_input
 496              	.LVL18:
 497 0012 57E0     		b	.L46
 498              	.L37:
  60:Core/Src/main.c ****         while (1)
  61:Core/Src/main.c ****     {
  62:Core/Src/main.c ****        
  63:Core/Src/main.c ****        if (BIT_READ(GPIOC_IDR, GPIO_PIN_13))
  64:Core/Src/main.c ****        {
  65:Core/Src/main.c ****             timerbutton1++;
  66:Core/Src/main.c ****             flag1 = 1;
  67:Core/Src/main.c ****        }
  68:Core/Src/main.c ****        else
  69:Core/Src/main.c ****        {
  70:Core/Src/main.c ****         if(timerbutton1>= 5)
 499              		.loc 1 70 9 view .LVU99
 500              		.loc 1 70 24 is_stmt 0 view .LVU100
 501 0014 354B     		ldr	r3, .L49
 502 0016 1B78     		ldrb	r3, [r3]	@ zero_extendqisi2
 503              		.loc 1 70 11 view .LVU101
 504 0018 042B     		cmp	r3, #4
 505 001a 03D9     		bls	.L39
  71:Core/Src/main.c ****         {
  72:Core/Src/main.c ****             if (led_count == 3)
 506              		.loc 1 72 13 is_stmt 1 view .LVU102
 507              		.loc 1 72 27 is_stmt 0 view .LVU103
 508 001c 344B     		ldr	r3, .L49+4
ARM GAS  C:\Users\Bebra\AppData\Local\Temp\cc5eWQwb.s 			page 12


 509 001e 1B78     		ldrb	r3, [r3]	@ zero_extendqisi2
 510              		.loc 1 72 16 view .LVU104
 511 0020 032B     		cmp	r3, #3
 512 0022 25D1     		bne	.L48
 513              	.L39:
  73:Core/Src/main.c ****             {
  74:Core/Src/main.c **** 
  75:Core/Src/main.c ****                //UpdateLEDs(); 
  76:Core/Src/main.c ****             }
  77:Core/Src/main.c ****             else
  78:Core/Src/main.c ****             {
  79:Core/Src/main.c ****             led_count = ((led_count+1));
  80:Core/Src/main.c ****             UpdateLEDs();
  81:Core/Src/main.c ****             }
  82:Core/Src/main.c ****         }
  83:Core/Src/main.c ****         if(timerbutton1>= 1 && timerbutton1 < 5)
 514              		.loc 1 83 9 is_stmt 1 view .LVU105
 515              		.loc 1 83 29 is_stmt 0 view .LVU106
 516 0024 314B     		ldr	r3, .L49
 517 0026 1B78     		ldrb	r3, [r3]	@ zero_extendqisi2
 518 0028 013B     		subs	r3, r3, #1
 519 002a DBB2     		uxtb	r3, r3
 520              		.loc 1 83 11 view .LVU107
 521 002c 032B     		cmp	r3, #3
 522 002e 0CD8     		bhi	.L40
  84:Core/Src/main.c ****         {
  85:Core/Src/main.c ****             if(frequency_index<3){
 523              		.loc 1 85 13 is_stmt 1 view .LVU108
 524              		.loc 1 85 31 is_stmt 0 view .LVU109
 525 0030 304B     		ldr	r3, .L49+8
 526 0032 1B78     		ldrb	r3, [r3]	@ zero_extendqisi2
 527              		.loc 1 85 15 view .LVU110
 528 0034 022B     		cmp	r3, #2
 529 0036 08D8     		bhi	.L40
  86:Core/Src/main.c ****             frequency_index = (frequency_index+1);
 530              		.loc 1 86 13 is_stmt 1 view .LVU111
 531              		.loc 1 86 47 is_stmt 0 view .LVU112
 532 0038 0133     		adds	r3, r3, #1
 533 003a DBB2     		uxtb	r3, r3
 534              		.loc 1 86 29 view .LVU113
 535 003c 2D4A     		ldr	r2, .L49+8
 536 003e 1370     		strb	r3, [r2]
  87:Core/Src/main.c ****             avtodelay = frequencies[frequency_index];
 537              		.loc 1 87 13 is_stmt 1 view .LVU114
 538              		.loc 1 87 36 is_stmt 0 view .LVU115
 539 0040 2D4A     		ldr	r2, .L49+12
 540 0042 52F82320 		ldr	r2, [r2, r3, lsl #2]
 541              		.loc 1 87 23 view .LVU116
 542 0046 2D4B     		ldr	r3, .L49+16
 543 0048 1A60     		str	r2, [r3]
 544              	.L40:
  88:Core/Src/main.c ****             }
  89:Core/Src/main.c ****         }
  90:Core/Src/main.c ****         
  91:Core/Src/main.c ****         timerbutton1 = 0;
 545              		.loc 1 91 9 is_stmt 1 view .LVU117
 546              		.loc 1 91 22 is_stmt 0 view .LVU118
ARM GAS  C:\Users\Bebra\AppData\Local\Temp\cc5eWQwb.s 			page 13


 547 004a 0023     		movs	r3, #0
 548 004c 274A     		ldr	r2, .L49
 549 004e 1370     		strb	r3, [r2]
  92:Core/Src/main.c ****         flag1 = 0;
 550              		.loc 1 92 9 is_stmt 1 view .LVU119
 551              		.loc 1 92 15 is_stmt 0 view .LVU120
 552 0050 2B4A     		ldr	r2, .L49+20
 553 0052 1370     		strb	r3, [r2]
 554              	.L38:
  93:Core/Src/main.c ****        }
  94:Core/Src/main.c ****        if (BIT_READ(GPIOC_IDR, GPIO_PIN_8))
 555              		.loc 1 94 8 is_stmt 1 view .LVU121
 556              		.loc 1 94 12 is_stmt 0 view .LVU122
 557 0054 2B4B     		ldr	r3, .L49+24
 558 0056 D3F81038 		ldr	r3, [r3, #2064]
 559              		.loc 1 94 11 view .LVU123
 560 005a 13F4807F 		tst	r3, #256
 561 005e 0DD0     		beq	.L41
  95:Core/Src/main.c ****        {
  96:Core/Src/main.c ****         timerbutton2++;
 562              		.loc 1 96 9 is_stmt 1 view .LVU124
 563              		.loc 1 96 21 is_stmt 0 view .LVU125
 564 0060 294A     		ldr	r2, .L49+28
 565 0062 1378     		ldrb	r3, [r2]	@ zero_extendqisi2
 566 0064 0133     		adds	r3, r3, #1
 567 0066 1370     		strb	r3, [r2]
  97:Core/Src/main.c ****         flag2 = 1;
 568              		.loc 1 97 9 is_stmt 1 view .LVU126
 569              		.loc 1 97 15 is_stmt 0 view .LVU127
 570 0068 284B     		ldr	r3, .L49+32
 571 006a 0122     		movs	r2, #1
 572 006c 1A70     		strb	r2, [r3]
 573 006e 25E0     		b	.L42
 574              	.L48:
  79:Core/Src/main.c ****             UpdateLEDs();
 575              		.loc 1 79 13 is_stmt 1 view .LVU128
  79:Core/Src/main.c ****             UpdateLEDs();
 576              		.loc 1 79 36 is_stmt 0 view .LVU129
 577 0070 0133     		adds	r3, r3, #1
  79:Core/Src/main.c ****             UpdateLEDs();
 578              		.loc 1 79 23 view .LVU130
 579 0072 1F4A     		ldr	r2, .L49+4
 580 0074 1370     		strb	r3, [r2]
  80:Core/Src/main.c ****             }
 581              		.loc 1 80 13 is_stmt 1 view .LVU131
 582 0076 FFF7FEFF 		bl	UpdateLEDs
 583              	.LVL19:
 584 007a D3E7     		b	.L39
 585              	.L41:
  98:Core/Src/main.c ****        }
  99:Core/Src/main.c ****        else
 100:Core/Src/main.c ****        {
 101:Core/Src/main.c ****         if(timerbutton2>= 5)
 586              		.loc 1 101 9 view .LVU132
 587              		.loc 1 101 24 is_stmt 0 view .LVU133
 588 007c 224B     		ldr	r3, .L49+28
 589 007e 1B78     		ldrb	r3, [r3]	@ zero_extendqisi2
ARM GAS  C:\Users\Bebra\AppData\Local\Temp\cc5eWQwb.s 			page 14


 590              		.loc 1 101 11 view .LVU134
 591 0080 042B     		cmp	r3, #4
 592 0082 04D9     		bls	.L43
 102:Core/Src/main.c ****         {
 103:Core/Src/main.c ****             if (led_count == 0)
 593              		.loc 1 103 13 is_stmt 1 view .LVU135
 594              		.loc 1 103 27 is_stmt 0 view .LVU136
 595 0084 1A4B     		ldr	r3, .L49+4
 596 0086 1B78     		ldrb	r3, [r3]	@ zero_extendqisi2
 597              		.loc 1 103 16 view .LVU137
 598 0088 53BB     		cbnz	r3, .L44
 104:Core/Src/main.c ****             {
 105:Core/Src/main.c ****                UpdateLEDs(); 
 599              		.loc 1 105 16 is_stmt 1 view .LVU138
 600 008a FFF7FEFF 		bl	UpdateLEDs
 601              	.LVL20:
 602              	.L43:
 106:Core/Src/main.c ****             }
 107:Core/Src/main.c ****             else
 108:Core/Src/main.c ****             {
 109:Core/Src/main.c ****            led_count = ((led_count-1));
 110:Core/Src/main.c ****             UpdateLEDs();
 111:Core/Src/main.c ****             }
 112:Core/Src/main.c ****             
 113:Core/Src/main.c ****         }
 114:Core/Src/main.c ****         if(timerbutton2>= 1 && timerbutton2 < 5)
 603              		.loc 1 114 9 view .LVU139
 604              		.loc 1 114 29 is_stmt 0 view .LVU140
 605 008e 1E4B     		ldr	r3, .L49+28
 606 0090 1B78     		ldrb	r3, [r3]	@ zero_extendqisi2
 607 0092 013B     		subs	r3, r3, #1
 608 0094 DBB2     		uxtb	r3, r3
 609              		.loc 1 114 11 view .LVU141
 610 0096 032B     		cmp	r3, #3
 611 0098 0BD8     		bhi	.L45
 115:Core/Src/main.c ****         {
 116:Core/Src/main.c ****             if(frequency_index>0){
 612              		.loc 1 116 13 is_stmt 1 view .LVU142
 613              		.loc 1 116 31 is_stmt 0 view .LVU143
 614 009a 164B     		ldr	r3, .L49+8
 615 009c 1B78     		ldrb	r3, [r3]	@ zero_extendqisi2
 616              		.loc 1 116 15 view .LVU144
 617 009e 43B1     		cbz	r3, .L45
 117:Core/Src/main.c ****             frequency_index = (frequency_index-1);
 618              		.loc 1 117 13 is_stmt 1 view .LVU145
 619              		.loc 1 117 47 is_stmt 0 view .LVU146
 620 00a0 013B     		subs	r3, r3, #1
 621 00a2 DBB2     		uxtb	r3, r3
 622              		.loc 1 117 29 view .LVU147
 623 00a4 134A     		ldr	r2, .L49+8
 624 00a6 1370     		strb	r3, [r2]
 118:Core/Src/main.c ****             avtodelay = frequencies[frequency_index];
 625              		.loc 1 118 13 is_stmt 1 view .LVU148
 626              		.loc 1 118 36 is_stmt 0 view .LVU149
 627 00a8 134A     		ldr	r2, .L49+12
 628 00aa 52F82320 		ldr	r2, [r2, r3, lsl #2]
 629              		.loc 1 118 23 view .LVU150
ARM GAS  C:\Users\Bebra\AppData\Local\Temp\cc5eWQwb.s 			page 15


 630 00ae 134B     		ldr	r3, .L49+16
 631 00b0 1A60     		str	r2, [r3]
 632              	.L45:
 119:Core/Src/main.c ****             }
 120:Core/Src/main.c ****         }
 121:Core/Src/main.c ****         timerbutton2 = 0;
 633              		.loc 1 121 9 is_stmt 1 view .LVU151
 634              		.loc 1 121 22 is_stmt 0 view .LVU152
 635 00b2 0023     		movs	r3, #0
 636 00b4 144A     		ldr	r2, .L49+28
 637 00b6 1370     		strb	r3, [r2]
 122:Core/Src/main.c ****         flag2 = 0;
 638              		.loc 1 122 9 is_stmt 1 view .LVU153
 639              		.loc 1 122 15 is_stmt 0 view .LVU154
 640 00b8 144A     		ldr	r2, .L49+32
 641 00ba 1370     		strb	r3, [r2]
 642              	.L42:
 123:Core/Src/main.c ****        }
 124:Core/Src/main.c ****        avtoper(avtodelay);
 643              		.loc 1 124 8 is_stmt 1 view .LVU155
 644 00bc 0F4B     		ldr	r3, .L49+16
 645 00be 1868     		ldr	r0, [r3]
 646 00c0 FFF7FEFF 		bl	avtoper
 647              	.LVL21:
  60:Core/Src/main.c ****     {
 648              		.loc 1 60 15 view .LVU156
 649              	.L46:
  60:Core/Src/main.c ****     {
 650              		.loc 1 60 9 view .LVU157
  63:Core/Src/main.c ****        {
 651              		.loc 1 63 8 view .LVU158
  63:Core/Src/main.c ****        {
 652              		.loc 1 63 12 is_stmt 0 view .LVU159
 653 00c4 0F4B     		ldr	r3, .L49+24
 654 00c6 D3F81038 		ldr	r3, [r3, #2064]
  63:Core/Src/main.c ****        {
 655              		.loc 1 63 11 view .LVU160
 656 00ca 13F4005F 		tst	r3, #8192
 657 00ce A1D0     		beq	.L37
  65:Core/Src/main.c ****             flag1 = 1;
 658              		.loc 1 65 13 is_stmt 1 view .LVU161
  65:Core/Src/main.c ****             flag1 = 1;
 659              		.loc 1 65 25 is_stmt 0 view .LVU162
 660 00d0 064A     		ldr	r2, .L49
 661 00d2 1378     		ldrb	r3, [r2]	@ zero_extendqisi2
 662 00d4 0133     		adds	r3, r3, #1
 663 00d6 1370     		strb	r3, [r2]
  66:Core/Src/main.c ****        }
 664              		.loc 1 66 13 is_stmt 1 view .LVU163
  66:Core/Src/main.c ****        }
 665              		.loc 1 66 19 is_stmt 0 view .LVU164
 666 00d8 094B     		ldr	r3, .L49+20
 667 00da 0122     		movs	r2, #1
 668 00dc 1A70     		strb	r2, [r3]
 669 00de B9E7     		b	.L38
 670              	.L44:
 109:Core/Src/main.c ****             UpdateLEDs();
ARM GAS  C:\Users\Bebra\AppData\Local\Temp\cc5eWQwb.s 			page 16


 671              		.loc 1 109 12 is_stmt 1 view .LVU165
 109:Core/Src/main.c ****             UpdateLEDs();
 672              		.loc 1 109 35 is_stmt 0 view .LVU166
 673 00e0 013B     		subs	r3, r3, #1
 109:Core/Src/main.c ****             UpdateLEDs();
 674              		.loc 1 109 22 view .LVU167
 675 00e2 034A     		ldr	r2, .L49+4
 676 00e4 1370     		strb	r3, [r2]
 110:Core/Src/main.c ****             }
 677              		.loc 1 110 13 is_stmt 1 view .LVU168
 678 00e6 FFF7FEFF 		bl	UpdateLEDs
 679              	.LVL22:
 680 00ea D0E7     		b	.L43
 681              	.L50:
 682              		.align	2
 683              	.L49:
 684 00ec 00000000 		.word	timerbutton1
 685 00f0 00000000 		.word	led_count
 686 00f4 00000000 		.word	frequency_index
 687 00f8 00000000 		.word	frequencies
 688 00fc 00000000 		.word	avtodelay
 689 0100 00000000 		.word	flag1
 690 0104 00000240 		.word	1073872896
 691 0108 00000000 		.word	timerbutton2
 692 010c 00000000 		.word	flag2
 693              		.cfi_endproc
 694              	.LFE137:
 696              		.section	.data.avtodelay,"aw"
 697              		.align	2
 700              	avtodelay:
 701 0000 20A10700 		.word	500000
 702              		.global	frequencies
 703              		.section	.rodata.frequencies,"a"
 704              		.align	2
 707              	frequencies:
 708 0000 40420F00 		.word	1000000
 709 0004 20A10700 		.word	500000
 710 0008 90D00300 		.word	250000
 711 000c 48E80100 		.word	125000
 712              		.section	.bss.frequency_index,"aw",%nobits
 715              	frequency_index:
 716 0000 00       		.space	1
 717              		.global	led_index
 718              		.section	.bss.led_index,"aw",%nobits
 721              	led_index:
 722 0000 00       		.space	1
 723              		.global	timerbutton2
 724              		.section	.bss.timerbutton2,"aw",%nobits
 727              	timerbutton2:
 728 0000 00       		.space	1
 729              		.global	timerbutton1
 730              		.section	.bss.timerbutton1,"aw",%nobits
 733              	timerbutton1:
 734 0000 00       		.space	1
 735              		.global	led_count
 736              		.section	.bss.led_count,"aw",%nobits
 739              	led_count:
ARM GAS  C:\Users\Bebra\AppData\Local\Temp\cc5eWQwb.s 			page 17


 740 0000 00       		.space	1
 741              		.global	current_led_indx
 742              		.section	.data.current_led_indx,"aw"
 745              	current_led_indx:
 746 0000 02       		.byte	2
 747              		.global	flag2
 748              		.section	.bss.flag2,"aw",%nobits
 751              	flag2:
 752 0000 00       		.space	1
 753              		.global	flag1
 754              		.section	.bss.flag1,"aw",%nobits
 757              	flag1:
 758 0000 00       		.space	1
 759              		.text
 760              	.Letext0:
 761              		.file 3 "C:/Tools/GCC/xpack-arm-none-eabi-gcc-13.2.1-1.1/arm-none-eabi/include/machine/_default_ty
 762              		.file 4 "C:/Tools/GCC/xpack-arm-none-eabi-gcc-13.2.1-1.1/arm-none-eabi/include/sys/_stdint.h"
 763              		.file 5 "Core/Src/../Inc/../../CMSIS/Devices/STM32F4xx/Inc/STM32F429ZI/stm32f429xx.h"
ARM GAS  C:\Users\Bebra\AppData\Local\Temp\cc5eWQwb.s 			page 18


DEFINED SYMBOLS
                            *ABS*:00000000 main.c
C:\Users\Bebra\AppData\Local\Temp\cc5eWQwb.s:21     .text.GPIO_init__Memory:00000000 $t
C:\Users\Bebra\AppData\Local\Temp\cc5eWQwb.s:27     .text.GPIO_init__Memory:00000000 GPIO_init__Memory
C:\Users\Bebra\AppData\Local\Temp\cc5eWQwb.s:41     .text.GPIO_init_led_pb7_blue:00000000 $t
C:\Users\Bebra\AppData\Local\Temp\cc5eWQwb.s:47     .text.GPIO_init_led_pb7_blue:00000000 GPIO_init_led_pb7_blue
C:\Users\Bebra\AppData\Local\Temp\cc5eWQwb.s:86     .text.GPIO_init_led_pb7_blue:00000040 $d
C:\Users\Bebra\AppData\Local\Temp\cc5eWQwb.s:92     .text.GPIO_init_led_pb14_red:00000000 $t
C:\Users\Bebra\AppData\Local\Temp\cc5eWQwb.s:98     .text.GPIO_init_led_pb14_red:00000000 GPIO_init_led_pb14_red
C:\Users\Bebra\AppData\Local\Temp\cc5eWQwb.s:130    .text.GPIO_init_led_pb14_red:00000038 $d
C:\Users\Bebra\AppData\Local\Temp\cc5eWQwb.s:136    .text.GPIO_init_led_pb0_green:00000000 $t
C:\Users\Bebra\AppData\Local\Temp\cc5eWQwb.s:142    .text.GPIO_init_led_pb0_green:00000000 GPIO_init_led_pb0_green
C:\Users\Bebra\AppData\Local\Temp\cc5eWQwb.s:176    .text.GPIO_init_led_pb0_green:00000030 $d
C:\Users\Bebra\AppData\Local\Temp\cc5eWQwb.s:182    .text.GPIO_button_input:00000000 $t
C:\Users\Bebra\AppData\Local\Temp\cc5eWQwb.s:188    .text.GPIO_button_input:00000000 GPIO_button_input
C:\Users\Bebra\AppData\Local\Temp\cc5eWQwb.s:209    .text.GPIO_button_input:00000014 $d
C:\Users\Bebra\AppData\Local\Temp\cc5eWQwb.s:214    .text.UpdateLEDs:00000000 $t
C:\Users\Bebra\AppData\Local\Temp\cc5eWQwb.s:220    .text.UpdateLEDs:00000000 UpdateLEDs
C:\Users\Bebra\AppData\Local\Temp\cc5eWQwb.s:321    .text.UpdateLEDs:00000068 $d
C:\Users\Bebra\AppData\Local\Temp\cc5eWQwb.s:739    .bss.led_count:00000000 led_count
C:\Users\Bebra\AppData\Local\Temp\cc5eWQwb.s:745    .data.current_led_indx:00000000 current_led_indx
C:\Users\Bebra\AppData\Local\Temp\cc5eWQwb.s:329    .text.avtoper:00000000 $t
C:\Users\Bebra\AppData\Local\Temp\cc5eWQwb.s:335    .text.avtoper:00000000 avtoper
C:\Users\Bebra\AppData\Local\Temp\cc5eWQwb.s:459    .text.avtoper:00000080 $d
C:\Users\Bebra\AppData\Local\Temp\cc5eWQwb.s:467    .text.main:00000000 $t
C:\Users\Bebra\AppData\Local\Temp\cc5eWQwb.s:473    .text.main:00000000 main
C:\Users\Bebra\AppData\Local\Temp\cc5eWQwb.s:684    .text.main:000000ec $d
C:\Users\Bebra\AppData\Local\Temp\cc5eWQwb.s:733    .bss.timerbutton1:00000000 timerbutton1
C:\Users\Bebra\AppData\Local\Temp\cc5eWQwb.s:715    .bss.frequency_index:00000000 frequency_index
C:\Users\Bebra\AppData\Local\Temp\cc5eWQwb.s:707    .rodata.frequencies:00000000 frequencies
C:\Users\Bebra\AppData\Local\Temp\cc5eWQwb.s:700    .data.avtodelay:00000000 avtodelay
C:\Users\Bebra\AppData\Local\Temp\cc5eWQwb.s:757    .bss.flag1:00000000 flag1
C:\Users\Bebra\AppData\Local\Temp\cc5eWQwb.s:727    .bss.timerbutton2:00000000 timerbutton2
C:\Users\Bebra\AppData\Local\Temp\cc5eWQwb.s:751    .bss.flag2:00000000 flag2
C:\Users\Bebra\AppData\Local\Temp\cc5eWQwb.s:697    .data.avtodelay:00000000 $d
C:\Users\Bebra\AppData\Local\Temp\cc5eWQwb.s:704    .rodata.frequencies:00000000 $d
C:\Users\Bebra\AppData\Local\Temp\cc5eWQwb.s:716    .bss.frequency_index:00000000 $d
C:\Users\Bebra\AppData\Local\Temp\cc5eWQwb.s:721    .bss.led_index:00000000 led_index
C:\Users\Bebra\AppData\Local\Temp\cc5eWQwb.s:722    .bss.led_index:00000000 $d
C:\Users\Bebra\AppData\Local\Temp\cc5eWQwb.s:728    .bss.timerbutton2:00000000 $d
C:\Users\Bebra\AppData\Local\Temp\cc5eWQwb.s:734    .bss.timerbutton1:00000000 $d
C:\Users\Bebra\AppData\Local\Temp\cc5eWQwb.s:740    .bss.led_count:00000000 $d
C:\Users\Bebra\AppData\Local\Temp\cc5eWQwb.s:752    .bss.flag2:00000000 $d
C:\Users\Bebra\AppData\Local\Temp\cc5eWQwb.s:758    .bss.flag1:00000000 $d

NO UNDEFINED SYMBOLS
