ARM GAS  C:\Users\Bebra\AppData\Local\Temp\cc6AapG3.s 			page 1


   1              		.cpu cortex-m4
   2              		.arch armv7e-m
   3              		.fpu fpv4-sp-d16
   4              		.eabi_attribute 27, 1
   5              		.eabi_attribute 28, 1
   6              		.eabi_attribute 20, 1
   7              		.eabi_attribute 21, 1
   8              		.eabi_attribute 23, 3
   9              		.eabi_attribute 24, 1
  10              		.eabi_attribute 25, 1
  11              		.eabi_attribute 26, 1
  12              		.eabi_attribute 30, 1
  13              		.eabi_attribute 34, 1
  14              		.eabi_attribute 18, 4
  15              		.file	"system_stm32f4xx.c"
  16              		.text
  17              	.Ltext0:
  18              		.cfi_sections	.debug_frame
  19              		.file 1 "CMSIS/Devices/STM32F4xx/Src/system_stm32f4xx.c"
  20              		.section	.text.SystemInit,"ax",%progbits
  21              		.align	1
  22              		.global	SystemInit
  23              		.syntax unified
  24              		.thumb
  25              		.thumb_func
  27              	SystemInit:
  28              	.LFB130:
   1:CMSIS/Devices/STM32F4xx/Src/system_stm32f4xx.c **** /**
   2:CMSIS/Devices/STM32F4xx/Src/system_stm32f4xx.c ****   ******************************************************************************
   3:CMSIS/Devices/STM32F4xx/Src/system_stm32f4xx.c ****   * @file    system_stm32f4xx.c
   4:CMSIS/Devices/STM32F4xx/Src/system_stm32f4xx.c ****   * @author  MCD Application Team
   5:CMSIS/Devices/STM32F4xx/Src/system_stm32f4xx.c ****   * @brief   CMSIS Cortex-M4 Device Peripheral Access Layer System Source File.
   6:CMSIS/Devices/STM32F4xx/Src/system_stm32f4xx.c ****   *
   7:CMSIS/Devices/STM32F4xx/Src/system_stm32f4xx.c ****   *   This file provides two functions and one global variable to be called from 
   8:CMSIS/Devices/STM32F4xx/Src/system_stm32f4xx.c ****   *   user application:
   9:CMSIS/Devices/STM32F4xx/Src/system_stm32f4xx.c ****   *      - SystemInit(): This function is called at startup just after reset and 
  10:CMSIS/Devices/STM32F4xx/Src/system_stm32f4xx.c ****   *                      before branch to main program. This call is made inside
  11:CMSIS/Devices/STM32F4xx/Src/system_stm32f4xx.c ****   *                      the "startup_stm32f4xx.s" file.
  12:CMSIS/Devices/STM32F4xx/Src/system_stm32f4xx.c ****   *
  13:CMSIS/Devices/STM32F4xx/Src/system_stm32f4xx.c ****   *      - SystemCoreClock variable: Contains the core clock (HCLK), it can be used
  14:CMSIS/Devices/STM32F4xx/Src/system_stm32f4xx.c ****   *                                  by the user application to setup the SysTick 
  15:CMSIS/Devices/STM32F4xx/Src/system_stm32f4xx.c ****   *                                  timer or configure other parameters.
  16:CMSIS/Devices/STM32F4xx/Src/system_stm32f4xx.c ****   *                                     
  17:CMSIS/Devices/STM32F4xx/Src/system_stm32f4xx.c ****   *      - SystemCoreClockUpdate(): Updates the variable SystemCoreClock and must
  18:CMSIS/Devices/STM32F4xx/Src/system_stm32f4xx.c ****   *                                 be called whenever the core clock is changed
  19:CMSIS/Devices/STM32F4xx/Src/system_stm32f4xx.c ****   *                                 during program execution.
  20:CMSIS/Devices/STM32F4xx/Src/system_stm32f4xx.c ****   *
  21:CMSIS/Devices/STM32F4xx/Src/system_stm32f4xx.c ****   *
  22:CMSIS/Devices/STM32F4xx/Src/system_stm32f4xx.c ****   ******************************************************************************
  23:CMSIS/Devices/STM32F4xx/Src/system_stm32f4xx.c ****   * @attention
  24:CMSIS/Devices/STM32F4xx/Src/system_stm32f4xx.c ****   *
  25:CMSIS/Devices/STM32F4xx/Src/system_stm32f4xx.c ****   * Copyright (c) 2017 STMicroelectronics.
  26:CMSIS/Devices/STM32F4xx/Src/system_stm32f4xx.c ****   * All rights reserved.
  27:CMSIS/Devices/STM32F4xx/Src/system_stm32f4xx.c ****   *
  28:CMSIS/Devices/STM32F4xx/Src/system_stm32f4xx.c ****   * This software is licensed under terms that can be found in the LICENSE file
  29:CMSIS/Devices/STM32F4xx/Src/system_stm32f4xx.c ****   * in the root directory of this software component.
  30:CMSIS/Devices/STM32F4xx/Src/system_stm32f4xx.c ****   * If no LICENSE file comes with this software, it is provided AS-IS.
ARM GAS  C:\Users\Bebra\AppData\Local\Temp\cc6AapG3.s 			page 2


  31:CMSIS/Devices/STM32F4xx/Src/system_stm32f4xx.c ****   *
  32:CMSIS/Devices/STM32F4xx/Src/system_stm32f4xx.c ****   ******************************************************************************
  33:CMSIS/Devices/STM32F4xx/Src/system_stm32f4xx.c ****   */
  34:CMSIS/Devices/STM32F4xx/Src/system_stm32f4xx.c **** 
  35:CMSIS/Devices/STM32F4xx/Src/system_stm32f4xx.c **** /** @addtogroup CMSIS
  36:CMSIS/Devices/STM32F4xx/Src/system_stm32f4xx.c ****   * @{
  37:CMSIS/Devices/STM32F4xx/Src/system_stm32f4xx.c ****   */
  38:CMSIS/Devices/STM32F4xx/Src/system_stm32f4xx.c **** 
  39:CMSIS/Devices/STM32F4xx/Src/system_stm32f4xx.c **** /** @addtogroup stm32f4xx_system
  40:CMSIS/Devices/STM32F4xx/Src/system_stm32f4xx.c ****   * @{
  41:CMSIS/Devices/STM32F4xx/Src/system_stm32f4xx.c ****   */  
  42:CMSIS/Devices/STM32F4xx/Src/system_stm32f4xx.c ****   
  43:CMSIS/Devices/STM32F4xx/Src/system_stm32f4xx.c **** /** @addtogroup STM32F4xx_System_Private_Includes
  44:CMSIS/Devices/STM32F4xx/Src/system_stm32f4xx.c ****   * @{
  45:CMSIS/Devices/STM32F4xx/Src/system_stm32f4xx.c ****   */
  46:CMSIS/Devices/STM32F4xx/Src/system_stm32f4xx.c **** 
  47:CMSIS/Devices/STM32F4xx/Src/system_stm32f4xx.c **** 
  48:CMSIS/Devices/STM32F4xx/Src/system_stm32f4xx.c **** #include "stm32f4xx.h"
  49:CMSIS/Devices/STM32F4xx/Src/system_stm32f4xx.c **** 
  50:CMSIS/Devices/STM32F4xx/Src/system_stm32f4xx.c **** #if !defined  (HSE_VALUE) 
  51:CMSIS/Devices/STM32F4xx/Src/system_stm32f4xx.c ****   #define HSE_VALUE    ((uint32_t)25000000) /*!< Default value of the External oscillator in Hz */
  52:CMSIS/Devices/STM32F4xx/Src/system_stm32f4xx.c **** #endif /* HSE_VALUE */
  53:CMSIS/Devices/STM32F4xx/Src/system_stm32f4xx.c **** 
  54:CMSIS/Devices/STM32F4xx/Src/system_stm32f4xx.c **** #if !defined  (HSI_VALUE)
  55:CMSIS/Devices/STM32F4xx/Src/system_stm32f4xx.c ****   #define HSI_VALUE    ((uint32_t)16000000) /*!< Value of the Internal oscillator in Hz*/
  56:CMSIS/Devices/STM32F4xx/Src/system_stm32f4xx.c **** #endif /* HSI_VALUE */
  57:CMSIS/Devices/STM32F4xx/Src/system_stm32f4xx.c **** 
  58:CMSIS/Devices/STM32F4xx/Src/system_stm32f4xx.c **** /**
  59:CMSIS/Devices/STM32F4xx/Src/system_stm32f4xx.c ****   * @}
  60:CMSIS/Devices/STM32F4xx/Src/system_stm32f4xx.c ****   */
  61:CMSIS/Devices/STM32F4xx/Src/system_stm32f4xx.c **** 
  62:CMSIS/Devices/STM32F4xx/Src/system_stm32f4xx.c **** /** @addtogroup STM32F4xx_System_Private_TypesDefinitions
  63:CMSIS/Devices/STM32F4xx/Src/system_stm32f4xx.c ****   * @{
  64:CMSIS/Devices/STM32F4xx/Src/system_stm32f4xx.c ****   */
  65:CMSIS/Devices/STM32F4xx/Src/system_stm32f4xx.c **** 
  66:CMSIS/Devices/STM32F4xx/Src/system_stm32f4xx.c **** /**
  67:CMSIS/Devices/STM32F4xx/Src/system_stm32f4xx.c ****   * @}
  68:CMSIS/Devices/STM32F4xx/Src/system_stm32f4xx.c ****   */
  69:CMSIS/Devices/STM32F4xx/Src/system_stm32f4xx.c **** 
  70:CMSIS/Devices/STM32F4xx/Src/system_stm32f4xx.c **** /** @addtogroup STM32F4xx_System_Private_Defines
  71:CMSIS/Devices/STM32F4xx/Src/system_stm32f4xx.c ****   * @{
  72:CMSIS/Devices/STM32F4xx/Src/system_stm32f4xx.c ****   */
  73:CMSIS/Devices/STM32F4xx/Src/system_stm32f4xx.c **** 
  74:CMSIS/Devices/STM32F4xx/Src/system_stm32f4xx.c **** /************************* Miscellaneous Configuration ************************/
  75:CMSIS/Devices/STM32F4xx/Src/system_stm32f4xx.c **** /*!< Uncomment the following line if you need to use external SRAM or SDRAM as data memory  */
  76:CMSIS/Devices/STM32F4xx/Src/system_stm32f4xx.c **** #if defined(STM32F405xx) || defined(STM32F415xx) || defined(STM32F407xx) || defined(STM32F417xx)\
  77:CMSIS/Devices/STM32F4xx/Src/system_stm32f4xx.c ****  || defined(STM32F427xx) || defined(STM32F437xx) || defined(STM32F429xx) || defined(STM32F439xx)\
  78:CMSIS/Devices/STM32F4xx/Src/system_stm32f4xx.c ****  || defined(STM32F469xx) || defined(STM32F479xx) || defined(STM32F412Zx) || defined(STM32F412Vx)
  79:CMSIS/Devices/STM32F4xx/Src/system_stm32f4xx.c **** /* #define DATA_IN_ExtSRAM */
  80:CMSIS/Devices/STM32F4xx/Src/system_stm32f4xx.c **** #endif /* STM32F40xxx || STM32F41xxx || STM32F42xxx || STM32F43xxx || STM32F469xx || STM32F479xx ||
  81:CMSIS/Devices/STM32F4xx/Src/system_stm32f4xx.c ****           STM32F412Zx || STM32F412Vx */
  82:CMSIS/Devices/STM32F4xx/Src/system_stm32f4xx.c ****  
  83:CMSIS/Devices/STM32F4xx/Src/system_stm32f4xx.c **** #if defined(STM32F427xx) || defined(STM32F437xx) || defined(STM32F429xx) || defined(STM32F439xx)\
  84:CMSIS/Devices/STM32F4xx/Src/system_stm32f4xx.c ****  || defined(STM32F446xx) || defined(STM32F469xx) || defined(STM32F479xx)
  85:CMSIS/Devices/STM32F4xx/Src/system_stm32f4xx.c **** /* #define DATA_IN_ExtSDRAM */
  86:CMSIS/Devices/STM32F4xx/Src/system_stm32f4xx.c **** #endif /* STM32F427xx || STM32F437xx || STM32F429xx || STM32F439xx || STM32F446xx || STM32F469xx ||
  87:CMSIS/Devices/STM32F4xx/Src/system_stm32f4xx.c ****           STM32F479xx */
ARM GAS  C:\Users\Bebra\AppData\Local\Temp\cc6AapG3.s 			page 3


  88:CMSIS/Devices/STM32F4xx/Src/system_stm32f4xx.c **** 
  89:CMSIS/Devices/STM32F4xx/Src/system_stm32f4xx.c **** /* Note: Following vector table addresses must be defined in line with linker
  90:CMSIS/Devices/STM32F4xx/Src/system_stm32f4xx.c ****          configuration. */
  91:CMSIS/Devices/STM32F4xx/Src/system_stm32f4xx.c **** /*!< Uncomment the following line if you need to relocate the vector table
  92:CMSIS/Devices/STM32F4xx/Src/system_stm32f4xx.c ****      anywhere in Flash or Sram, else the vector table is kept at the automatic
  93:CMSIS/Devices/STM32F4xx/Src/system_stm32f4xx.c ****      remap of boot address selected */
  94:CMSIS/Devices/STM32F4xx/Src/system_stm32f4xx.c **** /* #define USER_VECT_TAB_ADDRESS */
  95:CMSIS/Devices/STM32F4xx/Src/system_stm32f4xx.c **** 
  96:CMSIS/Devices/STM32F4xx/Src/system_stm32f4xx.c **** #if defined(USER_VECT_TAB_ADDRESS)
  97:CMSIS/Devices/STM32F4xx/Src/system_stm32f4xx.c **** /*!< Uncomment the following line if you need to relocate your vector Table
  98:CMSIS/Devices/STM32F4xx/Src/system_stm32f4xx.c ****      in Sram else user remap will be done in Flash. */
  99:CMSIS/Devices/STM32F4xx/Src/system_stm32f4xx.c **** /* #define VECT_TAB_SRAM */
 100:CMSIS/Devices/STM32F4xx/Src/system_stm32f4xx.c **** #if defined(VECT_TAB_SRAM)
 101:CMSIS/Devices/STM32F4xx/Src/system_stm32f4xx.c **** #define VECT_TAB_BASE_ADDRESS   SRAM_BASE       /*!< Vector Table base address field.
 102:CMSIS/Devices/STM32F4xx/Src/system_stm32f4xx.c ****                                                      This value must be a multiple of 0x200. */
 103:CMSIS/Devices/STM32F4xx/Src/system_stm32f4xx.c **** #define VECT_TAB_OFFSET         0x00000000U     /*!< Vector Table base offset field.
 104:CMSIS/Devices/STM32F4xx/Src/system_stm32f4xx.c ****                                                      This value must be a multiple of 0x200. */
 105:CMSIS/Devices/STM32F4xx/Src/system_stm32f4xx.c **** #else
 106:CMSIS/Devices/STM32F4xx/Src/system_stm32f4xx.c **** #define VECT_TAB_BASE_ADDRESS   FLASH_BASE      /*!< Vector Table base address field.
 107:CMSIS/Devices/STM32F4xx/Src/system_stm32f4xx.c ****                                                      This value must be a multiple of 0x200. */
 108:CMSIS/Devices/STM32F4xx/Src/system_stm32f4xx.c **** #define VECT_TAB_OFFSET         0x00000000U     /*!< Vector Table base offset field.
 109:CMSIS/Devices/STM32F4xx/Src/system_stm32f4xx.c ****                                                      This value must be a multiple of 0x200. */
 110:CMSIS/Devices/STM32F4xx/Src/system_stm32f4xx.c **** #endif /* VECT_TAB_SRAM */
 111:CMSIS/Devices/STM32F4xx/Src/system_stm32f4xx.c **** #endif /* USER_VECT_TAB_ADDRESS */
 112:CMSIS/Devices/STM32F4xx/Src/system_stm32f4xx.c **** /******************************************************************************/
 113:CMSIS/Devices/STM32F4xx/Src/system_stm32f4xx.c **** 
 114:CMSIS/Devices/STM32F4xx/Src/system_stm32f4xx.c **** /**
 115:CMSIS/Devices/STM32F4xx/Src/system_stm32f4xx.c ****   * @}
 116:CMSIS/Devices/STM32F4xx/Src/system_stm32f4xx.c ****   */
 117:CMSIS/Devices/STM32F4xx/Src/system_stm32f4xx.c **** 
 118:CMSIS/Devices/STM32F4xx/Src/system_stm32f4xx.c **** /** @addtogroup STM32F4xx_System_Private_Macros
 119:CMSIS/Devices/STM32F4xx/Src/system_stm32f4xx.c ****   * @{
 120:CMSIS/Devices/STM32F4xx/Src/system_stm32f4xx.c ****   */
 121:CMSIS/Devices/STM32F4xx/Src/system_stm32f4xx.c **** 
 122:CMSIS/Devices/STM32F4xx/Src/system_stm32f4xx.c **** /**
 123:CMSIS/Devices/STM32F4xx/Src/system_stm32f4xx.c ****   * @}
 124:CMSIS/Devices/STM32F4xx/Src/system_stm32f4xx.c ****   */
 125:CMSIS/Devices/STM32F4xx/Src/system_stm32f4xx.c **** 
 126:CMSIS/Devices/STM32F4xx/Src/system_stm32f4xx.c **** /** @addtogroup STM32F4xx_System_Private_Variables
 127:CMSIS/Devices/STM32F4xx/Src/system_stm32f4xx.c ****   * @{
 128:CMSIS/Devices/STM32F4xx/Src/system_stm32f4xx.c ****   */
 129:CMSIS/Devices/STM32F4xx/Src/system_stm32f4xx.c ****   /* This variable is updated in three ways:
 130:CMSIS/Devices/STM32F4xx/Src/system_stm32f4xx.c ****       1) by calling CMSIS function SystemCoreClockUpdate()
 131:CMSIS/Devices/STM32F4xx/Src/system_stm32f4xx.c ****       2) by calling HAL API function HAL_RCC_GetHCLKFreq()
 132:CMSIS/Devices/STM32F4xx/Src/system_stm32f4xx.c ****       3) each time HAL_RCC_ClockConfig() is called to configure the system clock frequency 
 133:CMSIS/Devices/STM32F4xx/Src/system_stm32f4xx.c ****          Note: If you use this function to configure the system clock; then there
 134:CMSIS/Devices/STM32F4xx/Src/system_stm32f4xx.c ****                is no need to call the 2 first functions listed above, since SystemCoreClock
 135:CMSIS/Devices/STM32F4xx/Src/system_stm32f4xx.c ****                variable is updated automatically.
 136:CMSIS/Devices/STM32F4xx/Src/system_stm32f4xx.c ****   */
 137:CMSIS/Devices/STM32F4xx/Src/system_stm32f4xx.c **** uint32_t SystemCoreClock = 16000000;
 138:CMSIS/Devices/STM32F4xx/Src/system_stm32f4xx.c **** const uint8_t AHBPrescTable[16] = {0, 0, 0, 0, 0, 0, 0, 0, 1, 2, 3, 4, 6, 7, 8, 9};
 139:CMSIS/Devices/STM32F4xx/Src/system_stm32f4xx.c **** const uint8_t APBPrescTable[8]  = {0, 0, 0, 0, 1, 2, 3, 4};
 140:CMSIS/Devices/STM32F4xx/Src/system_stm32f4xx.c **** /**
 141:CMSIS/Devices/STM32F4xx/Src/system_stm32f4xx.c ****   * @}
 142:CMSIS/Devices/STM32F4xx/Src/system_stm32f4xx.c ****   */
 143:CMSIS/Devices/STM32F4xx/Src/system_stm32f4xx.c **** 
 144:CMSIS/Devices/STM32F4xx/Src/system_stm32f4xx.c **** /** @addtogroup STM32F4xx_System_Private_FunctionPrototypes
ARM GAS  C:\Users\Bebra\AppData\Local\Temp\cc6AapG3.s 			page 4


 145:CMSIS/Devices/STM32F4xx/Src/system_stm32f4xx.c ****   * @{
 146:CMSIS/Devices/STM32F4xx/Src/system_stm32f4xx.c ****   */
 147:CMSIS/Devices/STM32F4xx/Src/system_stm32f4xx.c **** 
 148:CMSIS/Devices/STM32F4xx/Src/system_stm32f4xx.c **** #if defined (DATA_IN_ExtSRAM) || defined (DATA_IN_ExtSDRAM)
 149:CMSIS/Devices/STM32F4xx/Src/system_stm32f4xx.c ****   static void SystemInit_ExtMemCtl(void); 
 150:CMSIS/Devices/STM32F4xx/Src/system_stm32f4xx.c **** #endif /* DATA_IN_ExtSRAM || DATA_IN_ExtSDRAM */
 151:CMSIS/Devices/STM32F4xx/Src/system_stm32f4xx.c **** 
 152:CMSIS/Devices/STM32F4xx/Src/system_stm32f4xx.c **** /**
 153:CMSIS/Devices/STM32F4xx/Src/system_stm32f4xx.c ****   * @}
 154:CMSIS/Devices/STM32F4xx/Src/system_stm32f4xx.c ****   */
 155:CMSIS/Devices/STM32F4xx/Src/system_stm32f4xx.c **** 
 156:CMSIS/Devices/STM32F4xx/Src/system_stm32f4xx.c **** /** @addtogroup STM32F4xx_System_Private_Functions
 157:CMSIS/Devices/STM32F4xx/Src/system_stm32f4xx.c ****   * @{
 158:CMSIS/Devices/STM32F4xx/Src/system_stm32f4xx.c ****   */
 159:CMSIS/Devices/STM32F4xx/Src/system_stm32f4xx.c **** 
 160:CMSIS/Devices/STM32F4xx/Src/system_stm32f4xx.c **** /**
 161:CMSIS/Devices/STM32F4xx/Src/system_stm32f4xx.c ****   * @brief  Setup the microcontroller system
 162:CMSIS/Devices/STM32F4xx/Src/system_stm32f4xx.c ****   *         Initialize the FPU setting, vector table location and External memory 
 163:CMSIS/Devices/STM32F4xx/Src/system_stm32f4xx.c ****   *         configuration.
 164:CMSIS/Devices/STM32F4xx/Src/system_stm32f4xx.c ****   * @param  None
 165:CMSIS/Devices/STM32F4xx/Src/system_stm32f4xx.c ****   * @retval None
 166:CMSIS/Devices/STM32F4xx/Src/system_stm32f4xx.c ****   */
 167:CMSIS/Devices/STM32F4xx/Src/system_stm32f4xx.c **** void SystemInit(void)
 168:CMSIS/Devices/STM32F4xx/Src/system_stm32f4xx.c **** {
  29              		.loc 1 168 1 view -0
  30              		.cfi_startproc
  31              		@ args = 0, pretend = 0, frame = 0
  32              		@ frame_needed = 0, uses_anonymous_args = 0
  33              		@ link register save eliminated.
 169:CMSIS/Devices/STM32F4xx/Src/system_stm32f4xx.c ****   /* FPU settings ------------------------------------------------------------*/
 170:CMSIS/Devices/STM32F4xx/Src/system_stm32f4xx.c ****   #if (__FPU_PRESENT == 1) && (__FPU_USED == 0) //It's been changed. Original value __FPU_USED == 1
 171:CMSIS/Devices/STM32F4xx/Src/system_stm32f4xx.c ****     SCB->CPACR |= ((3UL << 10*2)|(3UL << 11*2));  /* set CP10 and CP11 Full Access */
 172:CMSIS/Devices/STM32F4xx/Src/system_stm32f4xx.c ****   #endif
 173:CMSIS/Devices/STM32F4xx/Src/system_stm32f4xx.c **** 
 174:CMSIS/Devices/STM32F4xx/Src/system_stm32f4xx.c **** #if defined (DATA_IN_ExtSRAM) || defined (DATA_IN_ExtSDRAM)
 175:CMSIS/Devices/STM32F4xx/Src/system_stm32f4xx.c ****   SystemInit_ExtMemCtl(); 
 176:CMSIS/Devices/STM32F4xx/Src/system_stm32f4xx.c **** #endif /* DATA_IN_ExtSRAM || DATA_IN_ExtSDRAM */
 177:CMSIS/Devices/STM32F4xx/Src/system_stm32f4xx.c **** 
 178:CMSIS/Devices/STM32F4xx/Src/system_stm32f4xx.c ****   /* Configure the Vector Table location -------------------------------------*/
 179:CMSIS/Devices/STM32F4xx/Src/system_stm32f4xx.c **** #if defined(USER_VECT_TAB_ADDRESS)
 180:CMSIS/Devices/STM32F4xx/Src/system_stm32f4xx.c ****   SCB->VTOR = VECT_TAB_BASE_ADDRESS | VECT_TAB_OFFSET; /* Vector Table Relocation in Internal SRAM 
 181:CMSIS/Devices/STM32F4xx/Src/system_stm32f4xx.c **** #endif /* USER_VECT_TAB_ADDRESS */
 182:CMSIS/Devices/STM32F4xx/Src/system_stm32f4xx.c **** }
  34              		.loc 1 182 1 view .LVU1
  35 0000 7047     		bx	lr
  36              		.cfi_endproc
  37              	.LFE130:
  39              		.section	.text.SystemCoreClockUpdate,"ax",%progbits
  40              		.align	1
  41              		.global	SystemCoreClockUpdate
  42              		.syntax unified
  43              		.thumb
  44              		.thumb_func
  46              	SystemCoreClockUpdate:
  47              	.LFB131:
 183:CMSIS/Devices/STM32F4xx/Src/system_stm32f4xx.c **** 
 184:CMSIS/Devices/STM32F4xx/Src/system_stm32f4xx.c **** /**
ARM GAS  C:\Users\Bebra\AppData\Local\Temp\cc6AapG3.s 			page 5


 185:CMSIS/Devices/STM32F4xx/Src/system_stm32f4xx.c ****    * @brief  Update SystemCoreClock variable according to Clock Register Values.
 186:CMSIS/Devices/STM32F4xx/Src/system_stm32f4xx.c ****   *         The SystemCoreClock variable contains the core clock (HCLK), it can
 187:CMSIS/Devices/STM32F4xx/Src/system_stm32f4xx.c ****   *         be used by the user application to setup the SysTick timer or configure
 188:CMSIS/Devices/STM32F4xx/Src/system_stm32f4xx.c ****   *         other parameters.
 189:CMSIS/Devices/STM32F4xx/Src/system_stm32f4xx.c ****   *           
 190:CMSIS/Devices/STM32F4xx/Src/system_stm32f4xx.c ****   * @note   Each time the core clock (HCLK) changes, this function must be called
 191:CMSIS/Devices/STM32F4xx/Src/system_stm32f4xx.c ****   *         to update SystemCoreClock variable value. Otherwise, any configuration
 192:CMSIS/Devices/STM32F4xx/Src/system_stm32f4xx.c ****   *         based on this variable will be incorrect.         
 193:CMSIS/Devices/STM32F4xx/Src/system_stm32f4xx.c ****   *     
 194:CMSIS/Devices/STM32F4xx/Src/system_stm32f4xx.c ****   * @note   - The system frequency computed by this function is not the real 
 195:CMSIS/Devices/STM32F4xx/Src/system_stm32f4xx.c ****   *           frequency in the chip. It is calculated based on the predefined 
 196:CMSIS/Devices/STM32F4xx/Src/system_stm32f4xx.c ****   *           constant and the selected clock source:
 197:CMSIS/Devices/STM32F4xx/Src/system_stm32f4xx.c ****   *             
 198:CMSIS/Devices/STM32F4xx/Src/system_stm32f4xx.c ****   *           - If SYSCLK source is HSI, SystemCoreClock will contain the HSI_VALUE(*)
 199:CMSIS/Devices/STM32F4xx/Src/system_stm32f4xx.c ****   *                                              
 200:CMSIS/Devices/STM32F4xx/Src/system_stm32f4xx.c ****   *           - If SYSCLK source is HSE, SystemCoreClock will contain the HSE_VALUE(**)
 201:CMSIS/Devices/STM32F4xx/Src/system_stm32f4xx.c ****   *                          
 202:CMSIS/Devices/STM32F4xx/Src/system_stm32f4xx.c ****   *           - If SYSCLK source is PLL, SystemCoreClock will contain the HSE_VALUE(**) 
 203:CMSIS/Devices/STM32F4xx/Src/system_stm32f4xx.c ****   *             or HSI_VALUE(*) multiplied/divided by the PLL factors.
 204:CMSIS/Devices/STM32F4xx/Src/system_stm32f4xx.c ****   *         
 205:CMSIS/Devices/STM32F4xx/Src/system_stm32f4xx.c ****   *         (*) HSI_VALUE is a constant defined in stm32f4xx_hal_conf.h file (default value
 206:CMSIS/Devices/STM32F4xx/Src/system_stm32f4xx.c ****   *             16 MHz) but the real value may vary depending on the variations
 207:CMSIS/Devices/STM32F4xx/Src/system_stm32f4xx.c ****   *             in voltage and temperature.   
 208:CMSIS/Devices/STM32F4xx/Src/system_stm32f4xx.c ****   *    
 209:CMSIS/Devices/STM32F4xx/Src/system_stm32f4xx.c ****   *         (**) HSE_VALUE is a constant defined in stm32f4xx_hal_conf.h file (its value
 210:CMSIS/Devices/STM32F4xx/Src/system_stm32f4xx.c ****   *              depends on the application requirements), user has to ensure that HSE_VALUE
 211:CMSIS/Devices/STM32F4xx/Src/system_stm32f4xx.c ****   *              is same as the real frequency of the crystal used. Otherwise, this function
 212:CMSIS/Devices/STM32F4xx/Src/system_stm32f4xx.c ****   *              may have wrong result.
 213:CMSIS/Devices/STM32F4xx/Src/system_stm32f4xx.c ****   *                
 214:CMSIS/Devices/STM32F4xx/Src/system_stm32f4xx.c ****   *         - The result of this function could be not correct when using fractional
 215:CMSIS/Devices/STM32F4xx/Src/system_stm32f4xx.c ****   *           value for HSE crystal.
 216:CMSIS/Devices/STM32F4xx/Src/system_stm32f4xx.c ****   *     
 217:CMSIS/Devices/STM32F4xx/Src/system_stm32f4xx.c ****   * @param  None
 218:CMSIS/Devices/STM32F4xx/Src/system_stm32f4xx.c ****   * @retval None
 219:CMSIS/Devices/STM32F4xx/Src/system_stm32f4xx.c ****   */
 220:CMSIS/Devices/STM32F4xx/Src/system_stm32f4xx.c **** void SystemCoreClockUpdate(void)
 221:CMSIS/Devices/STM32F4xx/Src/system_stm32f4xx.c **** {
  48              		.loc 1 221 1 view -0
  49              		.cfi_startproc
  50              		@ args = 0, pretend = 0, frame = 0
  51              		@ frame_needed = 0, uses_anonymous_args = 0
  52              		@ link register save eliminated.
 222:CMSIS/Devices/STM32F4xx/Src/system_stm32f4xx.c ****   uint32_t tmp = 0, pllvco = 0, pllp = 2, pllsource = 0, pllm = 2;
  53              		.loc 1 222 3 view .LVU3
  54              	.LVL0:
 223:CMSIS/Devices/STM32F4xx/Src/system_stm32f4xx.c ****   
 224:CMSIS/Devices/STM32F4xx/Src/system_stm32f4xx.c ****   /* Get SYSCLK source -------------------------------------------------------*/
 225:CMSIS/Devices/STM32F4xx/Src/system_stm32f4xx.c ****   tmp = RCC->CFGR & RCC_CFGR_SWS;
  55              		.loc 1 225 3 view .LVU4
  56              		.loc 1 225 12 is_stmt 0 view .LVU5
  57 0000 224B     		ldr	r3, .L9
  58 0002 9B68     		ldr	r3, [r3, #8]
  59              		.loc 1 225 7 view .LVU6
  60 0004 03F00C03 		and	r3, r3, #12
  61              	.LVL1:
 226:CMSIS/Devices/STM32F4xx/Src/system_stm32f4xx.c **** 
 227:CMSIS/Devices/STM32F4xx/Src/system_stm32f4xx.c ****   switch (tmp)
ARM GAS  C:\Users\Bebra\AppData\Local\Temp\cc6AapG3.s 			page 6


  62              		.loc 1 227 3 is_stmt 1 view .LVU7
  63 0008 042B     		cmp	r3, #4
  64 000a 11D0     		beq	.L3
  65 000c 082B     		cmp	r3, #8
  66 000e 13D0     		beq	.L4
  67 0010 002B     		cmp	r3, #0
  68 0012 37D1     		bne	.L5
 228:CMSIS/Devices/STM32F4xx/Src/system_stm32f4xx.c ****   {
 229:CMSIS/Devices/STM32F4xx/Src/system_stm32f4xx.c ****     case 0x00:  /* HSI used as system clock source */
 230:CMSIS/Devices/STM32F4xx/Src/system_stm32f4xx.c ****       SystemCoreClock = HSI_VALUE;
  69              		.loc 1 230 7 view .LVU8
  70              		.loc 1 230 23 is_stmt 0 view .LVU9
  71 0014 1E4B     		ldr	r3, .L9+4
  72              	.LVL2:
  73              		.loc 1 230 23 view .LVU10
  74 0016 1F4A     		ldr	r2, .L9+8
  75 0018 1A60     		str	r2, [r3]
 231:CMSIS/Devices/STM32F4xx/Src/system_stm32f4xx.c ****       break;
  76              		.loc 1 231 7 is_stmt 1 view .LVU11
  77              	.LVL3:
  78              	.L6:
 232:CMSIS/Devices/STM32F4xx/Src/system_stm32f4xx.c ****     case 0x04:  /* HSE used as system clock source */
 233:CMSIS/Devices/STM32F4xx/Src/system_stm32f4xx.c ****       SystemCoreClock = HSE_VALUE;
 234:CMSIS/Devices/STM32F4xx/Src/system_stm32f4xx.c ****       break;
 235:CMSIS/Devices/STM32F4xx/Src/system_stm32f4xx.c ****     case 0x08:  /* PLL used as system clock source */
 236:CMSIS/Devices/STM32F4xx/Src/system_stm32f4xx.c **** 
 237:CMSIS/Devices/STM32F4xx/Src/system_stm32f4xx.c ****       /* PLL_VCO = (HSE_VALUE or HSI_VALUE / PLL_M) * PLL_N
 238:CMSIS/Devices/STM32F4xx/Src/system_stm32f4xx.c ****          SYSCLK = PLL_VCO / PLL_P
 239:CMSIS/Devices/STM32F4xx/Src/system_stm32f4xx.c ****          */    
 240:CMSIS/Devices/STM32F4xx/Src/system_stm32f4xx.c ****       pllsource = (RCC->PLLCFGR & RCC_PLLCFGR_PLLSRC) >> 22;
 241:CMSIS/Devices/STM32F4xx/Src/system_stm32f4xx.c ****       pllm = RCC->PLLCFGR & RCC_PLLCFGR_PLLM;
 242:CMSIS/Devices/STM32F4xx/Src/system_stm32f4xx.c ****       
 243:CMSIS/Devices/STM32F4xx/Src/system_stm32f4xx.c ****       if (pllsource != 0)
 244:CMSIS/Devices/STM32F4xx/Src/system_stm32f4xx.c ****       {
 245:CMSIS/Devices/STM32F4xx/Src/system_stm32f4xx.c ****         /* HSE used as PLL clock source */
 246:CMSIS/Devices/STM32F4xx/Src/system_stm32f4xx.c ****         pllvco = (HSE_VALUE / pllm) * ((RCC->PLLCFGR & RCC_PLLCFGR_PLLN) >> 6);
 247:CMSIS/Devices/STM32F4xx/Src/system_stm32f4xx.c ****       }
 248:CMSIS/Devices/STM32F4xx/Src/system_stm32f4xx.c ****       else
 249:CMSIS/Devices/STM32F4xx/Src/system_stm32f4xx.c ****       {
 250:CMSIS/Devices/STM32F4xx/Src/system_stm32f4xx.c ****         /* HSI used as PLL clock source */
 251:CMSIS/Devices/STM32F4xx/Src/system_stm32f4xx.c ****         pllvco = (HSI_VALUE / pllm) * ((RCC->PLLCFGR & RCC_PLLCFGR_PLLN) >> 6);
 252:CMSIS/Devices/STM32F4xx/Src/system_stm32f4xx.c ****       }
 253:CMSIS/Devices/STM32F4xx/Src/system_stm32f4xx.c **** 
 254:CMSIS/Devices/STM32F4xx/Src/system_stm32f4xx.c ****       pllp = (((RCC->PLLCFGR & RCC_PLLCFGR_PLLP) >>16) + 1 ) *2;
 255:CMSIS/Devices/STM32F4xx/Src/system_stm32f4xx.c ****       SystemCoreClock = pllvco/pllp;
 256:CMSIS/Devices/STM32F4xx/Src/system_stm32f4xx.c ****       break;
 257:CMSIS/Devices/STM32F4xx/Src/system_stm32f4xx.c ****     default:
 258:CMSIS/Devices/STM32F4xx/Src/system_stm32f4xx.c ****       SystemCoreClock = HSI_VALUE;
 259:CMSIS/Devices/STM32F4xx/Src/system_stm32f4xx.c ****       break;
 260:CMSIS/Devices/STM32F4xx/Src/system_stm32f4xx.c ****   }
 261:CMSIS/Devices/STM32F4xx/Src/system_stm32f4xx.c ****   /* Compute HCLK frequency --------------------------------------------------*/
 262:CMSIS/Devices/STM32F4xx/Src/system_stm32f4xx.c ****   /* Get HCLK prescaler */
 263:CMSIS/Devices/STM32F4xx/Src/system_stm32f4xx.c ****   tmp = AHBPrescTable[((RCC->CFGR & RCC_CFGR_HPRE) >> 4)];
  79              		.loc 1 263 3 view .LVU12
  80              		.loc 1 263 28 is_stmt 0 view .LVU13
  81 001a 1C4B     		ldr	r3, .L9
  82 001c 9B68     		ldr	r3, [r3, #8]
ARM GAS  C:\Users\Bebra\AppData\Local\Temp\cc6AapG3.s 			page 7


  83              		.loc 1 263 52 view .LVU14
  84 001e C3F30313 		ubfx	r3, r3, #4, #4
  85              		.loc 1 263 22 view .LVU15
  86 0022 1D4A     		ldr	r2, .L9+12
  87 0024 D15C     		ldrb	r1, [r2, r3]	@ zero_extendqisi2
  88              	.LVL4:
 264:CMSIS/Devices/STM32F4xx/Src/system_stm32f4xx.c ****   /* HCLK frequency */
 265:CMSIS/Devices/STM32F4xx/Src/system_stm32f4xx.c ****   SystemCoreClock >>= tmp;
  89              		.loc 1 265 3 is_stmt 1 view .LVU16
  90              		.loc 1 265 19 is_stmt 0 view .LVU17
  91 0026 1A4A     		ldr	r2, .L9+4
  92 0028 1368     		ldr	r3, [r2]
  93 002a CB40     		lsrs	r3, r3, r1
  94 002c 1360     		str	r3, [r2]
 266:CMSIS/Devices/STM32F4xx/Src/system_stm32f4xx.c **** }
  95              		.loc 1 266 1 view .LVU18
  96 002e 7047     		bx	lr
  97              	.LVL5:
  98              	.L3:
 233:CMSIS/Devices/STM32F4xx/Src/system_stm32f4xx.c ****       break;
  99              		.loc 1 233 7 is_stmt 1 view .LVU19
 233:CMSIS/Devices/STM32F4xx/Src/system_stm32f4xx.c ****       break;
 100              		.loc 1 233 23 is_stmt 0 view .LVU20
 101 0030 174B     		ldr	r3, .L9+4
 102              	.LVL6:
 233:CMSIS/Devices/STM32F4xx/Src/system_stm32f4xx.c ****       break;
 103              		.loc 1 233 23 view .LVU21
 104 0032 1A4A     		ldr	r2, .L9+16
 105 0034 1A60     		str	r2, [r3]
 234:CMSIS/Devices/STM32F4xx/Src/system_stm32f4xx.c ****     case 0x08:  /* PLL used as system clock source */
 106              		.loc 1 234 7 is_stmt 1 view .LVU22
 107 0036 F0E7     		b	.L6
 108              	.LVL7:
 109              	.L4:
 240:CMSIS/Devices/STM32F4xx/Src/system_stm32f4xx.c ****       pllm = RCC->PLLCFGR & RCC_PLLCFGR_PLLM;
 110              		.loc 1 240 7 view .LVU23
 240:CMSIS/Devices/STM32F4xx/Src/system_stm32f4xx.c ****       pllm = RCC->PLLCFGR & RCC_PLLCFGR_PLLM;
 111              		.loc 1 240 23 is_stmt 0 view .LVU24
 112 0038 144B     		ldr	r3, .L9
 113              	.LVL8:
 240:CMSIS/Devices/STM32F4xx/Src/system_stm32f4xx.c ****       pllm = RCC->PLLCFGR & RCC_PLLCFGR_PLLM;
 114              		.loc 1 240 23 view .LVU25
 115 003a 5968     		ldr	r1, [r3, #4]
 116              	.LVL9:
 241:CMSIS/Devices/STM32F4xx/Src/system_stm32f4xx.c ****       
 117              		.loc 1 241 7 is_stmt 1 view .LVU26
 241:CMSIS/Devices/STM32F4xx/Src/system_stm32f4xx.c ****       
 118              		.loc 1 241 17 is_stmt 0 view .LVU27
 119 003c 5A68     		ldr	r2, [r3, #4]
 241:CMSIS/Devices/STM32F4xx/Src/system_stm32f4xx.c ****       
 120              		.loc 1 241 12 view .LVU28
 121 003e 02F03F02 		and	r2, r2, #63
 122              	.LVL10:
 243:CMSIS/Devices/STM32F4xx/Src/system_stm32f4xx.c ****       {
 123              		.loc 1 243 7 is_stmt 1 view .LVU29
 243:CMSIS/Devices/STM32F4xx/Src/system_stm32f4xx.c ****       {
 124              		.loc 1 243 10 is_stmt 0 view .LVU30
ARM GAS  C:\Users\Bebra\AppData\Local\Temp\cc6AapG3.s 			page 8


 125 0042 11F4800F 		tst	r1, #4194304
 126 0046 13D0     		beq	.L7
 246:CMSIS/Devices/STM32F4xx/Src/system_stm32f4xx.c ****       }
 127              		.loc 1 246 9 is_stmt 1 view .LVU31
 246:CMSIS/Devices/STM32F4xx/Src/system_stm32f4xx.c ****       }
 128              		.loc 1 246 29 is_stmt 0 view .LVU32
 129 0048 144B     		ldr	r3, .L9+16
 130 004a B3FBF2F3 		udiv	r3, r3, r2
 246:CMSIS/Devices/STM32F4xx/Src/system_stm32f4xx.c ****       }
 131              		.loc 1 246 44 view .LVU33
 132 004e 0F4A     		ldr	r2, .L9
 133              	.LVL11:
 246:CMSIS/Devices/STM32F4xx/Src/system_stm32f4xx.c ****       }
 134              		.loc 1 246 44 view .LVU34
 135 0050 5268     		ldr	r2, [r2, #4]
 246:CMSIS/Devices/STM32F4xx/Src/system_stm32f4xx.c ****       }
 136              		.loc 1 246 74 view .LVU35
 137 0052 C2F38812 		ubfx	r2, r2, #6, #9
 246:CMSIS/Devices/STM32F4xx/Src/system_stm32f4xx.c ****       }
 138              		.loc 1 246 16 view .LVU36
 139 0056 02FB03F3 		mul	r3, r2, r3
 140              	.LVL12:
 141              	.L8:
 254:CMSIS/Devices/STM32F4xx/Src/system_stm32f4xx.c ****       SystemCoreClock = pllvco/pllp;
 142              		.loc 1 254 7 is_stmt 1 view .LVU37
 254:CMSIS/Devices/STM32F4xx/Src/system_stm32f4xx.c ****       SystemCoreClock = pllvco/pllp;
 143              		.loc 1 254 20 is_stmt 0 view .LVU38
 144 005a 0C4A     		ldr	r2, .L9
 145 005c 5268     		ldr	r2, [r2, #4]
 254:CMSIS/Devices/STM32F4xx/Src/system_stm32f4xx.c ****       SystemCoreClock = pllvco/pllp;
 146              		.loc 1 254 50 view .LVU39
 147 005e C2F30142 		ubfx	r2, r2, #16, #2
 254:CMSIS/Devices/STM32F4xx/Src/system_stm32f4xx.c ****       SystemCoreClock = pllvco/pllp;
 148              		.loc 1 254 56 view .LVU40
 149 0062 0132     		adds	r2, r2, #1
 254:CMSIS/Devices/STM32F4xx/Src/system_stm32f4xx.c ****       SystemCoreClock = pllvco/pllp;
 150              		.loc 1 254 12 view .LVU41
 151 0064 5200     		lsls	r2, r2, #1
 152              	.LVL13:
 255:CMSIS/Devices/STM32F4xx/Src/system_stm32f4xx.c ****       break;
 153              		.loc 1 255 7 is_stmt 1 view .LVU42
 255:CMSIS/Devices/STM32F4xx/Src/system_stm32f4xx.c ****       break;
 154              		.loc 1 255 31 is_stmt 0 view .LVU43
 155 0066 B3FBF2F3 		udiv	r3, r3, r2
 156              	.LVL14:
 255:CMSIS/Devices/STM32F4xx/Src/system_stm32f4xx.c ****       break;
 157              		.loc 1 255 23 view .LVU44
 158 006a 094A     		ldr	r2, .L9+4
 159              	.LVL15:
 255:CMSIS/Devices/STM32F4xx/Src/system_stm32f4xx.c ****       break;
 160              		.loc 1 255 23 view .LVU45
 161 006c 1360     		str	r3, [r2]
 256:CMSIS/Devices/STM32F4xx/Src/system_stm32f4xx.c ****     default:
 162              		.loc 1 256 7 is_stmt 1 view .LVU46
 163 006e D4E7     		b	.L6
 164              	.LVL16:
 165              	.L7:
ARM GAS  C:\Users\Bebra\AppData\Local\Temp\cc6AapG3.s 			page 9


 251:CMSIS/Devices/STM32F4xx/Src/system_stm32f4xx.c ****       }
 166              		.loc 1 251 9 view .LVU47
 251:CMSIS/Devices/STM32F4xx/Src/system_stm32f4xx.c ****       }
 167              		.loc 1 251 29 is_stmt 0 view .LVU48
 168 0070 084B     		ldr	r3, .L9+8
 169 0072 B3FBF2F3 		udiv	r3, r3, r2
 251:CMSIS/Devices/STM32F4xx/Src/system_stm32f4xx.c ****       }
 170              		.loc 1 251 44 view .LVU49
 171 0076 054A     		ldr	r2, .L9
 172              	.LVL17:
 251:CMSIS/Devices/STM32F4xx/Src/system_stm32f4xx.c ****       }
 173              		.loc 1 251 44 view .LVU50
 174 0078 5268     		ldr	r2, [r2, #4]
 251:CMSIS/Devices/STM32F4xx/Src/system_stm32f4xx.c ****       }
 175              		.loc 1 251 74 view .LVU51
 176 007a C2F38812 		ubfx	r2, r2, #6, #9
 251:CMSIS/Devices/STM32F4xx/Src/system_stm32f4xx.c ****       }
 177              		.loc 1 251 16 view .LVU52
 178 007e 02FB03F3 		mul	r3, r2, r3
 179              	.LVL18:
 251:CMSIS/Devices/STM32F4xx/Src/system_stm32f4xx.c ****       }
 180              		.loc 1 251 16 view .LVU53
 181 0082 EAE7     		b	.L8
 182              	.LVL19:
 183              	.L5:
 258:CMSIS/Devices/STM32F4xx/Src/system_stm32f4xx.c ****       break;
 184              		.loc 1 258 7 is_stmt 1 view .LVU54
 258:CMSIS/Devices/STM32F4xx/Src/system_stm32f4xx.c ****       break;
 185              		.loc 1 258 23 is_stmt 0 view .LVU55
 186 0084 024B     		ldr	r3, .L9+4
 187              	.LVL20:
 258:CMSIS/Devices/STM32F4xx/Src/system_stm32f4xx.c ****       break;
 188              		.loc 1 258 23 view .LVU56
 189 0086 034A     		ldr	r2, .L9+8
 190 0088 1A60     		str	r2, [r3]
 259:CMSIS/Devices/STM32F4xx/Src/system_stm32f4xx.c ****   }
 191              		.loc 1 259 7 is_stmt 1 view .LVU57
 192 008a C6E7     		b	.L6
 193              	.L10:
 194              		.align	2
 195              	.L9:
 196 008c 00380240 		.word	1073887232
 197 0090 00000000 		.word	SystemCoreClock
 198 0094 0024F400 		.word	16000000
 199 0098 00000000 		.word	AHBPrescTable
 200 009c 40787D01 		.word	25000000
 201              		.cfi_endproc
 202              	.LFE131:
 204              		.global	APBPrescTable
 205              		.section	.rodata.APBPrescTable,"a"
 206              		.align	2
 209              	APBPrescTable:
 210 0000 00000000 		.ascii	"\000\000\000\000\001\002\003\004"
 210      01020304 
 211              		.global	AHBPrescTable
 212              		.section	.rodata.AHBPrescTable,"a"
 213              		.align	2
ARM GAS  C:\Users\Bebra\AppData\Local\Temp\cc6AapG3.s 			page 10


 216              	AHBPrescTable:
 217 0000 00000000 		.ascii	"\000\000\000\000\000\000\000\000\001\002\003\004\006"
 217      00000000 
 217      01020304 
 217      06
 218 000d 070809   		.ascii	"\007\010\011"
 219              		.global	SystemCoreClock
 220              		.section	.data.SystemCoreClock,"aw"
 221              		.align	2
 224              	SystemCoreClock:
 225 0000 0024F400 		.word	16000000
 226              		.text
 227              	.Letext0:
 228              		.file 2 "C:/Tools/GCC/xpack-arm-none-eabi-gcc-13.2.1-1.1/arm-none-eabi/include/machine/_default_ty
 229              		.file 3 "C:/Tools/GCC/xpack-arm-none-eabi-gcc-13.2.1-1.1/arm-none-eabi/include/sys/_stdint.h"
 230              		.file 4 "CMSIS/Devices/STM32F4xx/Inc/system_stm32f4xx.h"
 231              		.file 5 "CMSIS/Devices/STM32F4xx/Inc/STM32F429ZI/stm32f429xx.h"
ARM GAS  C:\Users\Bebra\AppData\Local\Temp\cc6AapG3.s 			page 11


DEFINED SYMBOLS
                            *ABS*:00000000 system_stm32f4xx.c
C:\Users\Bebra\AppData\Local\Temp\cc6AapG3.s:21     .text.SystemInit:00000000 $t
C:\Users\Bebra\AppData\Local\Temp\cc6AapG3.s:27     .text.SystemInit:00000000 SystemInit
C:\Users\Bebra\AppData\Local\Temp\cc6AapG3.s:40     .text.SystemCoreClockUpdate:00000000 $t
C:\Users\Bebra\AppData\Local\Temp\cc6AapG3.s:46     .text.SystemCoreClockUpdate:00000000 SystemCoreClockUpdate
C:\Users\Bebra\AppData\Local\Temp\cc6AapG3.s:196    .text.SystemCoreClockUpdate:0000008c $d
C:\Users\Bebra\AppData\Local\Temp\cc6AapG3.s:224    .data.SystemCoreClock:00000000 SystemCoreClock
C:\Users\Bebra\AppData\Local\Temp\cc6AapG3.s:216    .rodata.AHBPrescTable:00000000 AHBPrescTable
C:\Users\Bebra\AppData\Local\Temp\cc6AapG3.s:209    .rodata.APBPrescTable:00000000 APBPrescTable
C:\Users\Bebra\AppData\Local\Temp\cc6AapG3.s:206    .rodata.APBPrescTable:00000000 $d
C:\Users\Bebra\AppData\Local\Temp\cc6AapG3.s:213    .rodata.AHBPrescTable:00000000 $d
C:\Users\Bebra\AppData\Local\Temp\cc6AapG3.s:221    .data.SystemCoreClock:00000000 $d

NO UNDEFINED SYMBOLS
